using dimension:
  numSlices:256
      width:256
     height:256
initial data from:
   oldH5
other configuration elements:
    maxIter:80
          p:10
 lo 0 hi 18
 lo 18 hi 32
 lo 32 hi 256
chunkwiseThinning()  numChunks() 3 curIter 0 maxIter 80
chunkwiseThinning() notRam itter0
!! allChunksThinningOneStep()
Cur iter: 0, dim: 3
  chunk: 0, size: 127945, proc begin: 0, proc end: 108062
     0 ms       45 us >>>>> dimCrucialIsthmus::Checker()
     0 ms       42 us >>>>> dimCrucialIsthmus::_unionKern(a)
     0 ms       38 us >>>>> dimCrucialIsthmus::_unionKern(b)
  chunk: 1, size: 131956, proc begin: 20847, proc end: 124200
     0 ms       27 us >>>>> dimCrucialIsthmus::Checker()
     0 ms       47 us >>>>> dimCrucialIsthmus::_unionKern(a)
     0 ms       28 us >>>>> dimCrucialIsthmus::_unionKern(b)
  chunk: 2, size: 24317, proc begin: 9980, proc end: 24317
     0 ms       21 us >>>>> dimCrucialIsthmus::Checker()
     0 ms       40 us >>>>> dimCrucialIsthmus::_unionKern(a)
     0 ms       16 us >>>>> dimCrucialIsthmus::_unionKern(b)
h5_io.h:archive() from "oldH5" to "archive/iter_0_1053692712165750"
!! allChunksThinningOneStep()
Cur iter: 0, dim: 2
  chunk: 0, size: 127945, proc begin: 0, proc end: 108062
     0 ms       31 us >>>>> dimCrucialIsthmus::Checker()
     0 ms       41 us >>>>> dimCrucialIsthmus::_unionKern(a)
     0 ms       38 us >>>>> dimCrucialIsthmus::_unionKern(b)
  chunk: 1, size: 131956, proc begin: 20847, proc end: 124200
     0 ms       24 us >>>>> dimCrucialIsthmus::Checker()
     0 ms       42 us >>>>> dimCrucialIsthmus::_unionKern(a)
     0 ms       36 us >>>>> dimCrucialIsthmus::_unionKern(b)
  chunk: 2, size: 24317, proc begin: 9980, proc end: 24317
     0 ms       30 us >>>>> dimCrucialIsthmus::Checker()
     0 ms       40 us >>>>> dimCrucialIsthmus::_unionKern(a)
     0 ms       15 us >>>>> dimCrucialIsthmus::_unionKern(b)
h5_io.h:archive() from "oldH5" to "archive/iter_0_1053692939481284"
!! allChunksThinningOneStep()
Cur iter: 0, dim: 1
  chunk: 0, size: 127945, proc begin: 0, proc end: 108062
     0 ms       50 us >>>>> dimCrucialIsthmus::Checker()
     0 ms       41 us >>>>> dimCrucialIsthmus::_unionKern(a)
     0 ms       38 us >>>>> dimCrucialIsthmus::_unionKern(b)
  chunk: 1, size: 131956, proc begin: 20847, proc end: 124200
     0 ms       29 us >>>>> dimCrucialIsthmus::Checker()
     0 ms       41 us >>>>> dimCrucialIsthmus::_unionKern(a)
     0 ms       45 us >>>>> dimCrucialIsthmus::_unionKern(b)
  chunk: 2, size: 24317, proc begin: 9980, proc end: 24317
     0 ms       23 us >>>>> dimCrucialIsthmus::Checker()
     0 ms       41 us >>>>> dimCrucialIsthmus::_unionKern(a)
     0 ms       31 us >>>>> dimCrucialIsthmus::_unionKern(b)
h5_io.h:archive() from "oldH5" to "archive/iter_0_1053693077174290"
!! allChunksThinningOneStep()
Cur iter: 0, dim: 0
  chunk: 0, size: 127945, proc begin: 0, proc end: 108062
     0 ms       21 us >>>>> dimCrucialIsthmus::Checker()
     0 ms       41 us >>>>> dimCrucialIsthmus::_unionKern(a)
     0 ms       39 us >>>>> dimCrucialIsthmus::_unionKern(b)
  chunk: 1, size: 131956, proc begin: 20847, proc end: 124200
     0 ms       20 us >>>>> dimCrucialIsthmus::Checker()
     0 ms       43 us >>>>> dimCrucialIsthmus::_unionKern(a)
     0 ms       24 us >>>>> dimCrucialIsthmus::_unionKern(b)
  chunk: 2, size: 24317, proc begin: 9980, proc end: 24317
     0 ms       20 us >>>>> dimCrucialIsthmus::Checker()
     0 ms       34 us >>>>> dimCrucialIsthmus::_unionKern(a)
     0 ms       19 us >>>>> dimCrucialIsthmus::_unionKern(b)
h5_io.h:archive() from "oldH5" to "archive/iter_0_1053693174515623"
chunkwiseThinning() notRam itter1
!! allChunksThinningOneStep()
Cur iter: 1, dim: 3
  chunk: 0, size: 124420, proc begin: 0, proc end: 108448
     0 ms       19 us >>>>> dimCrucialIsthmus::Checker()
     0 ms       42 us >>>>> dimCrucialIsthmus::_unionKern(a)
     0 ms       35 us >>>>> dimCrucialIsthmus::_unionKern(b)
  chunk: 1, size: 101171, proc begin: 17432, proc end: 101171
     0 ms       54 us >>>>> dimCrucialIsthmus::Checker()
     0 ms       41 us >>>>> dimCrucialIsthmus::_unionKern(a)
     0 ms       34 us >>>>> dimCrucialIsthmus::_unionKern(b)
h5_io.h:archive() from "oldH5" to "archive/iter_1_1053693439963615"
!! allChunksThinningOneStep()
Cur iter: 1, dim: 2
  chunk: 0, size: 124420, proc begin: 0, proc end: 108448
     0 ms       26 us >>>>> dimCrucialIsthmus::Checker()
     0 ms       40 us >>>>> dimCrucialIsthmus::_unionKern(a)
     0 ms       42 us >>>>> dimCrucialIsthmus::_unionKern(b)
  chunk: 1, size: 101171, proc begin: 17432, proc end: 101171
     0 ms       31 us >>>>> dimCrucialIsthmus::Checker()
     0 ms       39 us >>>>> dimCrucialIsthmus::_unionKern(a)
     0 ms       37 us >>>>> dimCrucialIsthmus::_unionKern(b)
h5_io.h:archive() from "oldH5" to "archive/iter_1_1053693636710948"
!! allChunksThinningOneStep()
Cur iter: 1, dim: 1
  chunk: 0, size: 124420, proc begin: 0, proc end: 108448
     0 ms       22 us >>>>> dimCrucialIsthmus::Checker()
     0 ms       41 us >>>>> dimCrucialIsthmus::_unionKern(a)
     0 ms       16 us >>>>> dimCrucialIsthmus::_unionKern(b)
  chunk: 1, size: 101171, proc begin: 17432, proc end: 101171
     0 ms       31 us >>>>> dimCrucialIsthmus::Checker()
     0 ms       40 us >>>>> dimCrucialIsthmus::_unionKern(a)
     0 ms       33 us >>>>> dimCrucialIsthmus::_unionKern(b)
h5_io.h:archive() from "oldH5" to "archive/iter_1_1053693764404909"
!! allChunksThinningOneStep()
Cur iter: 1, dim: 0
  chunk: 0, size: 124420, proc begin: 0, proc end: 108448
     0 ms       69 us >>>>> dimCrucialIsthmus::Checker()
     0 ms       41 us >>>>> dimCrucialIsthmus::_unionKern(a)
     0 ms       38 us >>>>> dimCrucialIsthmus::_unionKern(b)
  chunk: 1, size: 101171, proc begin: 17432, proc end: 101171
     0 ms       30 us >>>>> dimCrucialIsthmus::Checker()
     0 ms       41 us >>>>> dimCrucialIsthmus::_unionKern(a)
     0 ms       43 us >>>>> dimCrucialIsthmus::_unionKern(b)
h5_io.h:archive() from "oldH5" to "archive/iter_1_1053693852755861"
chunkwiseThinning() notRam itter2
!! allChunksThinningOneStep()
Cur iter: 2, dim: 3
  chunk: 0, size: 117365, proc begin: 0, proc end: 104650
     0 ms       25 us >>>>> dimCrucialIsthmus::Checker()
     0 ms       53 us >>>>> dimCrucialIsthmus::_unionKern(a)
     0 ms       34 us >>>>> dimCrucialIsthmus::_unionKern(b)
  chunk: 1, size: 71252, proc begin: 14056, proc end: 71252
     0 ms       26 us >>>>> dimCrucialIsthmus::Checker()
     0 ms       39 us >>>>> dimCrucialIsthmus::_unionKern(a)
     0 ms       20 us >>>>> dimCrucialIsthmus::_unionKern(b)
h5_io.h:archive() from "oldH5" to "archive/iter_2_1053694077039341"
!! allChunksThinningOneStep()
Cur iter: 2, dim: 2
  chunk: 0, size: 117365, proc begin: 0, proc end: 104650
     0 ms       31 us >>>>> dimCrucialIsthmus::Checker()
     0 ms       40 us >>>>> dimCrucialIsthmus::_unionKern(a)
     0 ms       33 us >>>>> dimCrucialIsthmus::_unionKern(b)
  chunk: 1, size: 71252, proc begin: 14056, proc end: 71252
     0 ms       32 us >>>>> dimCrucialIsthmus::Checker()
     0 ms       40 us >>>>> dimCrucialIsthmus::_unionKern(a)
     0 ms       40 us >>>>> dimCrucialIsthmus::_unionKern(b)
h5_io.h:archive() from "oldH5" to "archive/iter_2_1053694258938103"
!! allChunksThinningOneStep()
Cur iter: 2, dim: 1
  chunk: 0, size: 117365, proc begin: 0, proc end: 104650
     0 ms       22 us >>>>> dimCrucialIsthmus::Checker()
     0 ms       42 us >>>>> dimCrucialIsthmus::_unionKern(a)
     0 ms       42 us >>>>> dimCrucialIsthmus::_unionKern(b)
  chunk: 1, size: 71252, proc begin: 14056, proc end: 71252
     0 ms       30 us >>>>> dimCrucialIsthmus::Checker()
     0 ms       38 us >>>>> dimCrucialIsthmus::_unionKern(a)
     0 ms       15 us >>>>> dimCrucialIsthmus::_unionKern(b)
h5_io.h:archive() from "oldH5" to "archive/iter_2_1053694379243904"
!! allChunksThinningOneStep()
Cur iter: 2, dim: 0
  chunk: 0, size: 117365, proc begin: 0, proc end: 104650
     0 ms       26 us >>>>> dimCrucialIsthmus::Checker()
     0 ms       41 us >>>>> dimCrucialIsthmus::_unionKern(a)
     0 ms       16 us >>>>> dimCrucialIsthmus::_unionKern(b)
  chunk: 1, size: 71252, proc begin: 14056, proc end: 71252
     0 ms       27 us >>>>> dimCrucialIsthmus::Checker()
     0 ms       35 us >>>>> dimCrucialIsthmus::_unionKern(a)
     0 ms       58 us >>>>> dimCrucialIsthmus::_unionKern(b)
h5_io.h:archive() from "oldH5" to "archive/iter_2_1053694465501639"
chunkwiseThinning() notRam itter3
!! allChunksThinningOneStep()
Cur iter: 3, dim: 3
  chunk: 0, size: 113181, proc begin: 0, proc end: 103297
     0 ms       17 us >>>>> dimCrucialIsthmus::Checker()
     0 ms       42 us >>>>> dimCrucialIsthmus::_unionKern(a)
     0 ms       42 us >>>>> dimCrucialIsthmus::_unionKern(b)
  chunk: 1, size: 42118, proc begin: 10787, proc end: 42118
     0 ms       27 us >>>>> dimCrucialIsthmus::Checker()
     0 ms       44 us >>>>> dimCrucialIsthmus::_unionKern(a)
     0 ms       40 us >>>>> dimCrucialIsthmus::_unionKern(b)
h5_io.h:archive() from "oldH5" to "archive/iter_3_1053694655199549"
!! allChunksThinningOneStep()
Cur iter: 3, dim: 2
  chunk: 0, size: 113181, proc begin: 0, proc end: 103297
     0 ms       31 us >>>>> dimCrucialIsthmus::Checker()
     0 ms       41 us >>>>> dimCrucialIsthmus::_unionKern(a)
     0 ms       40 us >>>>> dimCrucialIsthmus::_unionKern(b)
  chunk: 1, size: 42118, proc begin: 10787, proc end: 42118
     0 ms       66 us >>>>> dimCrucialIsthmus::Checker()
     0 ms       39 us >>>>> dimCrucialIsthmus::_unionKern(a)
     0 ms       15 us >>>>> dimCrucialIsthmus::_unionKern(b)
h5_io.h:archive() from "oldH5" to "archive/iter_3_1053694815010645"
!! allChunksThinningOneStep()
Cur iter: 3, dim: 1
  chunk: 0, size: 113181, proc begin: 0, proc end: 103297
     0 ms       31 us >>>>> dimCrucialIsthmus::Checker()
     0 ms       40 us >>>>> dimCrucialIsthmus::_unionKern(a)
     0 ms       16 us >>>>> dimCrucialIsthmus::_unionKern(b)
  chunk: 1, size: 42118, proc begin: 10787, proc end: 42118
     0 ms       42 us >>>>> dimCrucialIsthmus::Checker()
     0 ms       41 us >>>>> dimCrucialIsthmus::_unionKern(a)
     0 ms       21 us >>>>> dimCrucialIsthmus::_unionKern(b)
h5_io.h:archive() from "oldH5" to "archive/iter_3_1053694911887106"
!! allChunksThinningOneStep()
Cur iter: 3, dim: 0
  chunk: 0, size: 113181, proc begin: 0, proc end: 103297
     0 ms       19 us >>>>> dimCrucialIsthmus::Checker()
     0 ms       39 us >>>>> dimCrucialIsthmus::_unionKern(a)
     0 ms       37 us >>>>> dimCrucialIsthmus::_unionKern(b)
  chunk: 1, size: 42118, proc begin: 10787, proc end: 42118
     0 ms       19 us >>>>> dimCrucialIsthmus::Checker()
     0 ms       34 us >>>>> dimCrucialIsthmus::_unionKern(a)
     0 ms       16 us >>>>> dimCrucialIsthmus::_unionKern(b)
h5_io.h:archive() from "oldH5" to "archive/iter_3_1053694979565799"
chunkwiseThinning() notRam itter4
!! allChunksThinningOneStep()
Cur iter: 4, dim: 3
  chunk: 0, size: 107862, proc begin: 0, proc end: 102075
     0 ms       15 us >>>>> dimCrucialIsthmus::Checker()
     0 ms       45 us >>>>> dimCrucialIsthmus::_unionKern(a)
     0 ms       31 us >>>>> dimCrucialIsthmus::_unionKern(b)
  chunk: 1, size: 16204, proc begin: 7587, proc end: 16204
     0 ms       20 us >>>>> dimCrucialIsthmus::Checker()
     0 ms       39 us >>>>> dimCrucialIsthmus::_unionKern(a)
     0 ms       39 us >>>>> dimCrucialIsthmus::_unionKern(b)
h5_io.h:archive() from "oldH5" to "archive/iter_4_1053695153918027"
!! allChunksThinningOneStep()
Cur iter: 4, dim: 2
  chunk: 0, size: 107862, proc begin: 0, proc end: 102075
     0 ms       26 us >>>>> dimCrucialIsthmus::Checker()
     0 ms       41 us >>>>> dimCrucialIsthmus::_unionKern(a)
     0 ms       45 us >>>>> dimCrucialIsthmus::_unionKern(b)
  chunk: 1, size: 16204, proc begin: 7587, proc end: 16204
     0 ms       21 us >>>>> dimCrucialIsthmus::Checker()
     0 ms       37 us >>>>> dimCrucialIsthmus::_unionKern(a)
     0 ms       16 us >>>>> dimCrucialIsthmus::_unionKern(b)
h5_io.h:archive() from "oldH5" to "archive/iter_4_1053695302333249"
!! allChunksThinningOneStep()
Cur iter: 4, dim: 1
  chunk: 0, size: 107862, proc begin: 0, proc end: 102075
     0 ms       21 us >>>>> dimCrucialIsthmus::Checker()
     0 ms       41 us >>>>> dimCrucialIsthmus::_unionKern(a)
     0 ms       16 us >>>>> dimCrucialIsthmus::_unionKern(b)
  chunk: 1, size: 16204, proc begin: 7587, proc end: 16204
     0 ms       21 us >>>>> dimCrucialIsthmus::Checker()
     0 ms       36 us >>>>> dimCrucialIsthmus::_unionKern(a)
     0 ms       29 us >>>>> dimCrucialIsthmus::_unionKern(b)
h5_io.h:archive() from "oldH5" to "archive/iter_4_1053695390537870"
!! allChunksThinningOneStep()
Cur iter: 4, dim: 0
  chunk: 0, size: 107862, proc begin: 0, proc end: 102075
     0 ms       23 us >>>>> dimCrucialIsthmus::Checker()
     0 ms       40 us >>>>> dimCrucialIsthmus::_unionKern(a)
     0 ms       35 us >>>>> dimCrucialIsthmus::_unionKern(b)
  chunk: 1, size: 16204, proc begin: 7587, proc end: 16204
     0 ms       21 us >>>>> dimCrucialIsthmus::Checker()
     0 ms       27 us >>>>> dimCrucialIsthmus::_unionKern(a)
     0 ms       16 us >>>>> dimCrucialIsthmus::_unionKern(b)
h5_io.h:archive() from "oldH5" to "archive/iter_4_1053695454694415"
using RAM at iter: 5
    17 ms    17812 us >> chunkwiseThinning::_loadChunkI()
     0 ms      422 us >> chunkwiseThinning::init thinData
     0 ms      414 us >> chunkwiseThinning::_copyThinningDataToDevice()
Current iteration: 5, size: 90064
     0 ms       20 us >>>> crucialIsthmus::_assignKern()
     0 ms       35 us >>>> crucialIsthmus::_clearKern()
     0 ms       14 us >>>> crucialIsthmus::cudaMemset(clear A and B set)
     0 ms       17 us >>>>> dimCrucialIsthmus::Checker()
     0 ms       39 us >>>>> dimCrucialIsthmus::_unionKern(a)
     0 ms       39 us >>>>> dimCrucialIsthmus::_unionKern(b)
   106 ms   106889 us >>>> crucialIsthmus::D3CliqueChecker(find 3-cliques that are crucial for <X, K>)
     0 ms       33 us >>>> crucialIsthmus::cudaMemset(clear A and B set)
     0 ms       17 us >>>>> dimCrucialIsthmus::Checker()
     0 ms       38 us >>>>> dimCrucialIsthmus::_unionKern(a)
     0 ms       18 us >>>>> dimCrucialIsthmus::_unionKern(b)
    84 ms    84594 us >>>> crucialIsthmus::D2CliqueChecker(Find 2-cliques that are crucial for <X, K>)
     0 ms       33 us >>>> crucialIsthmus::cudaMemset(clear A and B set)
     0 ms       17 us >>>>> dimCrucialIsthmus::Checker()
     0 ms       40 us >>>>> dimCrucialIsthmus::_unionKern(a)
     0 ms       16 us >>>>> dimCrucialIsthmus::_unionKern(b)
    41 ms    41560 us >>>> crucialIsthmus::D1CliqueChecker(Find 1-cliques that are crucial for <X, K>)
     0 ms       20 us >>>> crucialIsthmus::cudaMemset(clear A and B set)
     0 ms       17 us >>>>> dimCrucialIsthmus::Checker()
     0 ms       36 us >>>>> dimCrucialIsthmus::_unionKern(a)
     0 ms       14 us >>>>> dimCrucialIsthmus::_unionKern(b)
    18 ms    18495 us >>>> crucialIsthmus::D0CliqueChecker(Find 0-cliques that are crucial for <X, K>)
     0 ms       37 us >>>> crucialIsthmus::cudaMemset(clear A and B set)
   251 ms   251841 us >>> persistenceIsthmusThinningCore::crucialIsthmus()
     0 ms       46 us >>> persistenceIsthmusThinningCore::_assignKern()
     0 ms       42 us >>> persistenceIsthmusThinningCore::_updateBirthKern()
     0 ms       49 us >>> persistenceIsthmusThinningCore::_unionKsetByBirth()
     0 ms       13 us >>> persistenceIsthmusThinningCore::cudaFree(A&B)
     0 ms       18 us >>> persistenceIsthmusThinningCore::cudaMalloc(A&B)
     0 ms       24 us >>> persistenceIsthmusThinningCore::cudaMemset(A&B)
     0 ms        0 us >>> persistenceIsthmusThinningCore::while blocks
   253 ms   253438 us >>> persistenceIsthmusThinningCore::while iter
Current iteration: 6, size: 72177
     0 ms       28 us >>>> crucialIsthmus::_assignKern()
     0 ms       47 us >>>> crucialIsthmus::_clearKern()
     0 ms       17 us >>>> crucialIsthmus::cudaMemset(clear A and B set)
     0 ms       27 us >>>>> dimCrucialIsthmus::Checker()
     0 ms       40 us >>>>> dimCrucialIsthmus::_unionKern(a)
     0 ms       36 us >>>>> dimCrucialIsthmus::_unionKern(b)
    79 ms    79535 us >>>> crucialIsthmus::D3CliqueChecker(find 3-cliques that are crucial for <X, K>)
     0 ms       42 us >>>> crucialIsthmus::cudaMemset(clear A and B set)
     0 ms       40 us >>>>> dimCrucialIsthmus::Checker()
     0 ms       38 us >>>>> dimCrucialIsthmus::_unionKern(a)
     0 ms       46 us >>>>> dimCrucialIsthmus::_unionKern(b)
    65 ms    65205 us >>>> crucialIsthmus::D2CliqueChecker(Find 2-cliques that are crucial for <X, K>)
     0 ms       39 us >>>> crucialIsthmus::cudaMemset(clear A and B set)
     0 ms       25 us >>>>> dimCrucialIsthmus::Checker()
     0 ms       41 us >>>>> dimCrucialIsthmus::_unionKern(a)
     0 ms       36 us >>>>> dimCrucialIsthmus::_unionKern(b)
    31 ms    31761 us >>>> crucialIsthmus::D1CliqueChecker(Find 1-cliques that are crucial for <X, K>)
     0 ms       38 us >>>> crucialIsthmus::cudaMemset(clear A and B set)
     0 ms       24 us >>>>> dimCrucialIsthmus::Checker()
     0 ms       36 us >>>>> dimCrucialIsthmus::_unionKern(a)
     0 ms       42 us >>>>> dimCrucialIsthmus::_unionKern(b)
    15 ms    15013 us >>>> crucialIsthmus::D0CliqueChecker(Find 0-cliques that are crucial for <X, K>)
     0 ms       19 us >>>> crucialIsthmus::cudaMemset(clear A and B set)
   191 ms   191832 us >>> persistenceIsthmusThinningCore::crucialIsthmus()
     0 ms       36 us >>> persistenceIsthmusThinningCore::_assignKern()
     0 ms       29 us >>> persistenceIsthmusThinningCore::_updateBirthKern()
     0 ms       33 us >>> persistenceIsthmusThinningCore::_unionKsetByBirth()
     0 ms       13 us >>> persistenceIsthmusThinningCore::cudaFree(A&B)
     0 ms       13 us >>> persistenceIsthmusThinningCore::cudaMalloc(A&B)
     0 ms        9 us >>> persistenceIsthmusThinningCore::cudaMemset(A&B)
     0 ms        0 us >>> persistenceIsthmusThinningCore::while blocks
   193 ms   193136 us >>> persistenceIsthmusThinningCore::while iter
Current iteration: 7, size: 56853
     0 ms       20 us >>>> crucialIsthmus::_assignKern()
     0 ms       15 us >>>> crucialIsthmus::_clearKern()
     0 ms        5 us >>>> crucialIsthmus::cudaMemset(clear A and B set)
     0 ms       16 us >>>>> dimCrucialIsthmus::Checker()
     0 ms       41 us >>>>> dimCrucialIsthmus::_unionKern(a)
     0 ms       31 us >>>>> dimCrucialIsthmus::_unionKern(b)
    62 ms    62914 us >>>> crucialIsthmus::D3CliqueChecker(find 3-cliques that are crucial for <X, K>)
     0 ms       12 us >>>> crucialIsthmus::cudaMemset(clear A and B set)
     0 ms       17 us >>>>> dimCrucialIsthmus::Checker()
     0 ms       41 us >>>>> dimCrucialIsthmus::_unionKern(a)
     0 ms       46 us >>>>> dimCrucialIsthmus::_unionKern(b)
    53 ms    53173 us >>>> crucialIsthmus::D2CliqueChecker(Find 2-cliques that are crucial for <X, K>)
     0 ms       13 us >>>> crucialIsthmus::cudaMemset(clear A and B set)
     0 ms       18 us >>>>> dimCrucialIsthmus::Checker()
     0 ms       40 us >>>>> dimCrucialIsthmus::_unionKern(a)
     0 ms       39 us >>>>> dimCrucialIsthmus::_unionKern(b)
    24 ms    24832 us >>>> crucialIsthmus::D1CliqueChecker(Find 1-cliques that are crucial for <X, K>)
     0 ms       12 us >>>> crucialIsthmus::cudaMemset(clear A and B set)
     0 ms       17 us >>>>> dimCrucialIsthmus::Checker()
     0 ms       54 us >>>>> dimCrucialIsthmus::_unionKern(a)
     0 ms       27 us >>>>> dimCrucialIsthmus::_unionKern(b)
    11 ms    11910 us >>>> crucialIsthmus::D0CliqueChecker(Find 0-cliques that are crucial for <X, K>)
     0 ms       16 us >>>> crucialIsthmus::cudaMemset(clear A and B set)
   152 ms   152995 us >>> persistenceIsthmusThinningCore::crucialIsthmus()
     0 ms       34 us >>> persistenceIsthmusThinningCore::_assignKern()
     0 ms       29 us >>> persistenceIsthmusThinningCore::_updateBirthKern()
     0 ms       31 us >>> persistenceIsthmusThinningCore::_unionKsetByBirth()
     0 ms        9 us >>> persistenceIsthmusThinningCore::cudaFree(A&B)
     0 ms       11 us >>> persistenceIsthmusThinningCore::cudaMalloc(A&B)
     0 ms        7 us >>> persistenceIsthmusThinningCore::cudaMemset(A&B)
     0 ms        0 us >>> persistenceIsthmusThinningCore::while blocks
   156 ms   156411 us >>> persistenceIsthmusThinningCore::while iter
Current iteration: 8, size: 44488
     0 ms       16 us >>>> crucialIsthmus::_assignKern()
     0 ms       15 us >>>> crucialIsthmus::_clearKern()
     0 ms        5 us >>>> crucialIsthmus::cudaMemset(clear A and B set)
     0 ms       16 us >>>>> dimCrucialIsthmus::Checker()
     0 ms       49 us >>>>> dimCrucialIsthmus::_unionKern(a)
     0 ms       42 us >>>>> dimCrucialIsthmus::_unionKern(b)
    50 ms    50290 us >>>> crucialIsthmus::D3CliqueChecker(find 3-cliques that are crucial for <X, K>)
     0 ms       12 us >>>> crucialIsthmus::cudaMemset(clear A and B set)
     0 ms       17 us >>>>> dimCrucialIsthmus::Checker()
     0 ms       41 us >>>>> dimCrucialIsthmus::_unionKern(a)
     0 ms       38 us >>>>> dimCrucialIsthmus::_unionKern(b)
    41 ms    41857 us >>>> crucialIsthmus::D2CliqueChecker(Find 2-cliques that are crucial for <X, K>)
     0 ms       26 us >>>> crucialIsthmus::cudaMemset(clear A and B set)
     0 ms       18 us >>>>> dimCrucialIsthmus::Checker()
     0 ms       38 us >>>>> dimCrucialIsthmus::_unionKern(a)
     0 ms       53 us >>>>> dimCrucialIsthmus::_unionKern(b)
    19 ms    19729 us >>>> crucialIsthmus::D1CliqueChecker(Find 1-cliques that are crucial for <X, K>)
     0 ms       12 us >>>> crucialIsthmus::cudaMemset(clear A and B set)
     0 ms       22 us >>>>> dimCrucialIsthmus::Checker()
     0 ms       35 us >>>>> dimCrucialIsthmus::_unionKern(a)
     0 ms       17 us >>>>> dimCrucialIsthmus::_unionKern(b)
     9 ms     9147 us >>>> crucialIsthmus::D0CliqueChecker(Find 0-cliques that are crucial for <X, K>)
     0 ms       24 us >>>> crucialIsthmus::cudaMemset(clear A and B set)
   121 ms   121207 us >>> persistenceIsthmusThinningCore::crucialIsthmus()
     0 ms       31 us >>> persistenceIsthmusThinningCore::_assignKern()
     0 ms       27 us >>> persistenceIsthmusThinningCore::_updateBirthKern()
     0 ms       28 us >>> persistenceIsthmusThinningCore::_unionKsetByBirth()
     0 ms        9 us >>> persistenceIsthmusThinningCore::cudaFree(A&B)
     0 ms       12 us >>> persistenceIsthmusThinningCore::cudaMalloc(A&B)
     0 ms        9 us >>> persistenceIsthmusThinningCore::cudaMemset(A&B)
     0 ms        0 us >>> persistenceIsthmusThinningCore::while blocks
   122 ms   122189 us >>> persistenceIsthmusThinningCore::while iter
Current iteration: 9, size: 34318
     0 ms       17 us >>>> crucialIsthmus::_assignKern()
     0 ms       18 us >>>> crucialIsthmus::_clearKern()
     0 ms        5 us >>>> crucialIsthmus::cudaMemset(clear A and B set)
     0 ms       16 us >>>>> dimCrucialIsthmus::Checker()
     0 ms       40 us >>>>> dimCrucialIsthmus::_unionKern(a)
     0 ms       37 us >>>>> dimCrucialIsthmus::_unionKern(b)
    38 ms    38924 us >>>> crucialIsthmus::D3CliqueChecker(find 3-cliques that are crucial for <X, K>)
     0 ms       25 us >>>> crucialIsthmus::cudaMemset(clear A and B set)
     0 ms       17 us >>>>> dimCrucialIsthmus::Checker()
     0 ms       42 us >>>>> dimCrucialIsthmus::_unionKern(a)
     0 ms       21 us >>>>> dimCrucialIsthmus::_unionKern(b)
    33 ms    33959 us >>>> crucialIsthmus::D2CliqueChecker(Find 2-cliques that are crucial for <X, K>)
     0 ms       13 us >>>> crucialIsthmus::cudaMemset(clear A and B set)
     0 ms       18 us >>>>> dimCrucialIsthmus::Checker()
     0 ms       42 us >>>>> dimCrucialIsthmus::_unionKern(a)
     0 ms       15 us >>>>> dimCrucialIsthmus::_unionKern(b)
    18 ms    18683 us >>>> crucialIsthmus::D1CliqueChecker(Find 1-cliques that are crucial for <X, K>)
     0 ms       26 us >>>> crucialIsthmus::cudaMemset(clear A and B set)
     0 ms       45 us >>>>> dimCrucialIsthmus::Checker()
     0 ms       43 us >>>>> dimCrucialIsthmus::_unionKern(a)
     0 ms       21 us >>>>> dimCrucialIsthmus::_unionKern(b)
     7 ms     7326 us >>>> crucialIsthmus::D0CliqueChecker(Find 0-cliques that are crucial for <X, K>)
     0 ms       12 us >>>> crucialIsthmus::cudaMemset(clear A and B set)
    99 ms    99077 us >>> persistenceIsthmusThinningCore::crucialIsthmus()
     0 ms       30 us >>> persistenceIsthmusThinningCore::_assignKern()
     0 ms       25 us >>> persistenceIsthmusThinningCore::_updateBirthKern()
     0 ms       26 us >>> persistenceIsthmusThinningCore::_unionKsetByBirth()
     0 ms        9 us >>> persistenceIsthmusThinningCore::cudaFree(A&B)
     0 ms       12 us >>> persistenceIsthmusThinningCore::cudaMalloc(A&B)
     0 ms        7 us >>> persistenceIsthmusThinningCore::cudaMemset(A&B)
     0 ms        0 us >>> persistenceIsthmusThinningCore::while blocks
    99 ms    99988 us >>> persistenceIsthmusThinningCore::while iter
Current iteration: 10, size: 25923
     0 ms       16 us >>>> crucialIsthmus::_assignKern()
     0 ms       14 us >>>> crucialIsthmus::_clearKern()
     0 ms        5 us >>>> crucialIsthmus::cudaMemset(clear A and B set)
     0 ms       19 us >>>>> dimCrucialIsthmus::Checker()
     0 ms       41 us >>>>> dimCrucialIsthmus::_unionKern(a)
     0 ms       56 us >>>>> dimCrucialIsthmus::_unionKern(b)
    30 ms    30243 us >>>> crucialIsthmus::D3CliqueChecker(find 3-cliques that are crucial for <X, K>)
     0 ms       12 us >>>> crucialIsthmus::cudaMemset(clear A and B set)
     0 ms       18 us >>>>> dimCrucialIsthmus::Checker()
     0 ms       38 us >>>>> dimCrucialIsthmus::_unionKern(a)
     0 ms       15 us >>>>> dimCrucialIsthmus::_unionKern(b)
    26 ms    26987 us >>>> crucialIsthmus::D2CliqueChecker(Find 2-cliques that are crucial for <X, K>)
     0 ms       14 us >>>> crucialIsthmus::cudaMemset(clear A and B set)
     0 ms       25 us >>>>> dimCrucialIsthmus::Checker()
     0 ms       34 us >>>>> dimCrucialIsthmus::_unionKern(a)
     0 ms       36 us >>>>> dimCrucialIsthmus::_unionKern(b)
    13 ms    13036 us >>>> crucialIsthmus::D1CliqueChecker(Find 1-cliques that are crucial for <X, K>)
     0 ms       14 us >>>> crucialIsthmus::cudaMemset(clear A and B set)
     0 ms       26 us >>>>> dimCrucialIsthmus::Checker()
     0 ms       33 us >>>>> dimCrucialIsthmus::_unionKern(a)
     0 ms       24 us >>>>> dimCrucialIsthmus::_unionKern(b)
     5 ms     5680 us >>>> crucialIsthmus::D0CliqueChecker(Find 0-cliques that are crucial for <X, K>)
     0 ms       14 us >>>> crucialIsthmus::cudaMemset(clear A and B set)
    76 ms    76106 us >>> persistenceIsthmusThinningCore::crucialIsthmus()
     0 ms       40 us >>> persistenceIsthmusThinningCore::_assignKern()
     0 ms       36 us >>> persistenceIsthmusThinningCore::_updateBirthKern()
     0 ms       38 us >>> persistenceIsthmusThinningCore::_unionKsetByBirth()
     0 ms       14 us >>> persistenceIsthmusThinningCore::cudaFree(A&B)
     0 ms       18 us >>> persistenceIsthmusThinningCore::cudaMalloc(A&B)
     0 ms       10 us >>> persistenceIsthmusThinningCore::cudaMemset(A&B)
     0 ms        0 us >>> persistenceIsthmusThinningCore::while blocks
    77 ms    77482 us >>> persistenceIsthmusThinningCore::while iter
Current iteration: 11, size: 19122
     0 ms       36 us >>>> crucialIsthmus::_assignKern()
     0 ms       27 us >>>> crucialIsthmus::_clearKern()
     0 ms        9 us >>>> crucialIsthmus::cudaMemset(clear A and B set)
     0 ms       25 us >>>>> dimCrucialIsthmus::Checker()
     0 ms       41 us >>>>> dimCrucialIsthmus::_unionKern(a)
     0 ms       15 us >>>>> dimCrucialIsthmus::_unionKern(b)
    23 ms    23386 us >>>> crucialIsthmus::D3CliqueChecker(find 3-cliques that are crucial for <X, K>)
     0 ms       28 us >>>> crucialIsthmus::cudaMemset(clear A and B set)
     0 ms       26 us >>>>> dimCrucialIsthmus::Checker()
     0 ms       54 us >>>>> dimCrucialIsthmus::_unionKern(a)
     0 ms       15 us >>>>> dimCrucialIsthmus::_unionKern(b)
    20 ms    20666 us >>>> crucialIsthmus::D2CliqueChecker(Find 2-cliques that are crucial for <X, K>)
     0 ms       29 us >>>> crucialIsthmus::cudaMemset(clear A and B set)
     0 ms       27 us >>>>> dimCrucialIsthmus::Checker()
     0 ms       34 us >>>>> dimCrucialIsthmus::_unionKern(a)
     0 ms       16 us >>>>> dimCrucialIsthmus::_unionKern(b)
     9 ms     9869 us >>>> crucialIsthmus::D1CliqueChecker(Find 1-cliques that are crucial for <X, K>)
     0 ms       10 us >>>> crucialIsthmus::cudaMemset(clear A and B set)
     0 ms       26 us >>>>> dimCrucialIsthmus::Checker()
     0 ms       38 us >>>>> dimCrucialIsthmus::_unionKern(a)
     0 ms       28 us >>>>> dimCrucialIsthmus::_unionKern(b)
     4 ms     4210 us >>>> crucialIsthmus::D0CliqueChecker(Find 0-cliques that are crucial for <X, K>)
     0 ms       12 us >>>> crucialIsthmus::cudaMemset(clear A and B set)
    58 ms    58364 us >>> persistenceIsthmusThinningCore::crucialIsthmus()
     0 ms       38 us >>> persistenceIsthmusThinningCore::_assignKern()
     0 ms       34 us >>> persistenceIsthmusThinningCore::_updateBirthKern()
     0 ms       37 us >>> persistenceIsthmusThinningCore::_unionKsetByBirth()
     0 ms       13 us >>> persistenceIsthmusThinningCore::cudaFree(A&B)
     0 ms       17 us >>> persistenceIsthmusThinningCore::cudaMalloc(A&B)
     0 ms       11 us >>> persistenceIsthmusThinningCore::cudaMemset(A&B)
     0 ms        0 us >>> persistenceIsthmusThinningCore::while blocks
    59 ms    59722 us >>> persistenceIsthmusThinningCore::while iter
Current iteration: 12, size: 13767
     0 ms       30 us >>>> crucialIsthmus::_assignKern()
     0 ms       27 us >>>> crucialIsthmus::_clearKern()
     0 ms        9 us >>>> crucialIsthmus::cudaMemset(clear A and B set)
     0 ms       29 us >>>>> dimCrucialIsthmus::Checker()
     0 ms       39 us >>>>> dimCrucialIsthmus::_unionKern(a)
     0 ms       31 us >>>>> dimCrucialIsthmus::_unionKern(b)
    17 ms    17967 us >>>> crucialIsthmus::D3CliqueChecker(find 3-cliques that are crucial for <X, K>)
     0 ms       11 us >>>> crucialIsthmus::cudaMemset(clear A and B set)
     0 ms       17 us >>>>> dimCrucialIsthmus::Checker()
     0 ms       35 us >>>>> dimCrucialIsthmus::_unionKern(a)
     0 ms       15 us >>>>> dimCrucialIsthmus::_unionKern(b)
    17 ms    17209 us >>>> crucialIsthmus::D2CliqueChecker(Find 2-cliques that are crucial for <X, K>)
     0 ms       24 us >>>> crucialIsthmus::cudaMemset(clear A and B set)
     0 ms       25 us >>>>> dimCrucialIsthmus::Checker()
     0 ms       37 us >>>>> dimCrucialIsthmus::_unionKern(a)
     0 ms       34 us >>>>> dimCrucialIsthmus::_unionKern(b)
     7 ms     7632 us >>>> crucialIsthmus::D1CliqueChecker(Find 1-cliques that are crucial for <X, K>)
     0 ms       15 us >>>> crucialIsthmus::cudaMemset(clear A and B set)
     0 ms       27 us >>>>> dimCrucialIsthmus::Checker()
     0 ms       34 us >>>>> dimCrucialIsthmus::_unionKern(a)
     0 ms       16 us >>>>> dimCrucialIsthmus::_unionKern(b)
     3 ms     3147 us >>>> crucialIsthmus::D0CliqueChecker(Find 0-cliques that are crucial for <X, K>)
     0 ms        9 us >>>> crucialIsthmus::cudaMemset(clear A and B set)
    46 ms    46143 us >>> persistenceIsthmusThinningCore::crucialIsthmus()
     0 ms       26 us >>> persistenceIsthmusThinningCore::_assignKern()
     0 ms       22 us >>> persistenceIsthmusThinningCore::_updateBirthKern()
     0 ms       23 us >>> persistenceIsthmusThinningCore::_unionKsetByBirth()
     0 ms        8 us >>> persistenceIsthmusThinningCore::cudaFree(A&B)
     0 ms       10 us >>> persistenceIsthmusThinningCore::cudaMalloc(A&B)
     0 ms        6 us >>> persistenceIsthmusThinningCore::cudaMemset(A&B)
     0 ms        0 us >>> persistenceIsthmusThinningCore::while blocks
    46 ms    46958 us >>> persistenceIsthmusThinningCore::while iter
Current iteration: 13, size: 9603
     0 ms       16 us >>>> crucialIsthmus::_assignKern()
     0 ms       14 us >>>> crucialIsthmus::_clearKern()
     0 ms        5 us >>>> crucialIsthmus::cudaMemset(clear A and B set)
     0 ms       17 us >>>>> dimCrucialIsthmus::Checker()
     0 ms       37 us >>>>> dimCrucialIsthmus::_unionKern(a)
     0 ms       15 us >>>>> dimCrucialIsthmus::_unionKern(b)
    13 ms    13113 us >>>> crucialIsthmus::D3CliqueChecker(find 3-cliques that are crucial for <X, K>)
     0 ms       10 us >>>> crucialIsthmus::cudaMemset(clear A and B set)
     0 ms       16 us >>>>> dimCrucialIsthmus::Checker()
     0 ms       36 us >>>>> dimCrucialIsthmus::_unionKern(a)
     0 ms       15 us >>>>> dimCrucialIsthmus::_unionKern(b)
    13 ms    13148 us >>>> crucialIsthmus::D2CliqueChecker(Find 2-cliques that are crucial for <X, K>)
     0 ms       11 us >>>> crucialIsthmus::cudaMemset(clear A and B set)
     0 ms       30 us >>>>> dimCrucialIsthmus::Checker()
     0 ms       32 us >>>>> dimCrucialIsthmus::_unionKern(a)
     0 ms       17 us >>>>> dimCrucialIsthmus::_unionKern(b)
     6 ms     6131 us >>>> crucialIsthmus::D1CliqueChecker(Find 1-cliques that are crucial for <X, K>)
     0 ms       10 us >>>> crucialIsthmus::cudaMemset(clear A and B set)
     0 ms       17 us >>>>> dimCrucialIsthmus::Checker()
     0 ms       22 us >>>>> dimCrucialIsthmus::_unionKern(a)
     0 ms       15 us >>>>> dimCrucialIsthmus::_unionKern(b)
     2 ms     2336 us >>>> crucialIsthmus::D0CliqueChecker(Find 0-cliques that are crucial for <X, K>)
     0 ms        7 us >>>> crucialIsthmus::cudaMemset(clear A and B set)
    34 ms    34884 us >>> persistenceIsthmusThinningCore::crucialIsthmus()
     0 ms       26 us >>> persistenceIsthmusThinningCore::_assignKern()
     0 ms       25 us >>> persistenceIsthmusThinningCore::_updateBirthKern()
     0 ms       26 us >>> persistenceIsthmusThinningCore::_unionKsetByBirth()
     0 ms       11 us >>> persistenceIsthmusThinningCore::cudaFree(A&B)
     0 ms       11 us >>> persistenceIsthmusThinningCore::cudaMalloc(A&B)
     0 ms        7 us >>> persistenceIsthmusThinningCore::cudaMemset(A&B)
     0 ms        0 us >>> persistenceIsthmusThinningCore::while blocks
    35 ms    35737 us >>> persistenceIsthmusThinningCore::while iter
Current iteration: 14, size: 6735
     0 ms       18 us >>>> crucialIsthmus::_assignKern()
     0 ms       15 us >>>> crucialIsthmus::_clearKern()
     0 ms        6 us >>>> crucialIsthmus::cudaMemset(clear A and B set)
     0 ms       19 us >>>>> dimCrucialIsthmus::Checker()
     0 ms       34 us >>>>> dimCrucialIsthmus::_unionKern(a)
     0 ms       14 us >>>>> dimCrucialIsthmus::_unionKern(b)
     9 ms     9844 us >>>> crucialIsthmus::D3CliqueChecker(find 3-cliques that are crucial for <X, K>)
     0 ms       23 us >>>> crucialIsthmus::cudaMemset(clear A and B set)
     0 ms       17 us >>>>> dimCrucialIsthmus::Checker()
     0 ms       30 us >>>>> dimCrucialIsthmus::_unionKern(a)
     0 ms       15 us >>>>> dimCrucialIsthmus::_unionKern(b)
    11 ms    11391 us >>>> crucialIsthmus::D2CliqueChecker(Find 2-cliques that are crucial for <X, K>)
     0 ms       10 us >>>> crucialIsthmus::cudaMemset(clear A and B set)
     0 ms       16 us >>>>> dimCrucialIsthmus::Checker()
     0 ms       28 us >>>>> dimCrucialIsthmus::_unionKern(a)
     0 ms       15 us >>>>> dimCrucialIsthmus::_unionKern(b)
     4 ms     4649 us >>>> crucialIsthmus::D1CliqueChecker(Find 1-cliques that are crucial for <X, K>)
     0 ms        9 us >>>> crucialIsthmus::cudaMemset(clear A and B set)
     0 ms       17 us >>>>> dimCrucialIsthmus::Checker()
     0 ms       21 us >>>>> dimCrucialIsthmus::_unionKern(a)
     0 ms       18 us >>>>> dimCrucialIsthmus::_unionKern(b)
     1 ms     1846 us >>>> crucialIsthmus::D0CliqueChecker(Find 0-cliques that are crucial for <X, K>)
     0 ms       10 us >>>> crucialIsthmus::cudaMemset(clear A and B set)
    27 ms    27873 us >>> persistenceIsthmusThinningCore::crucialIsthmus()
     0 ms       25 us >>> persistenceIsthmusThinningCore::_assignKern()
     0 ms       22 us >>> persistenceIsthmusThinningCore::_updateBirthKern()
     0 ms       21 us >>> persistenceIsthmusThinningCore::_unionKsetByBirth()
     0 ms        8 us >>> persistenceIsthmusThinningCore::cudaFree(A&B)
     0 ms       12 us >>> persistenceIsthmusThinningCore::cudaMalloc(A&B)
     0 ms        7 us >>> persistenceIsthmusThinningCore::cudaMemset(A&B)
     0 ms        0 us >>> persistenceIsthmusThinningCore::while blocks
    28 ms    28792 us >>> persistenceIsthmusThinningCore::while iter
Current iteration: 15, size: 4800
     0 ms       19 us >>>> crucialIsthmus::_assignKern()
     0 ms       16 us >>>> crucialIsthmus::_clearKern()
     0 ms        6 us >>>> crucialIsthmus::cudaMemset(clear A and B set)
     0 ms       17 us >>>>> dimCrucialIsthmus::Checker()
     0 ms       32 us >>>>> dimCrucialIsthmus::_unionKern(a)
     0 ms       15 us >>>>> dimCrucialIsthmus::_unionKern(b)
     6 ms     6491 us >>>> crucialIsthmus::D3CliqueChecker(find 3-cliques that are crucial for <X, K>)
     0 ms        9 us >>>> crucialIsthmus::cudaMemset(clear A and B set)
     0 ms       17 us >>>>> dimCrucialIsthmus::Checker()
     0 ms       39 us >>>>> dimCrucialIsthmus::_unionKern(a)
     0 ms       35 us >>>>> dimCrucialIsthmus::_unionKern(b)
     9 ms     9465 us >>>> crucialIsthmus::D2CliqueChecker(Find 2-cliques that are crucial for <X, K>)
     0 ms       11 us >>>> crucialIsthmus::cudaMemset(clear A and B set)
     0 ms       30 us >>>>> dimCrucialIsthmus::Checker()
     0 ms       28 us >>>>> dimCrucialIsthmus::_unionKern(a)
     0 ms       15 us >>>>> dimCrucialIsthmus::_unionKern(b)
     3 ms     3696 us >>>> crucialIsthmus::D1CliqueChecker(Find 1-cliques that are crucial for <X, K>)
     0 ms        9 us >>>> crucialIsthmus::cudaMemset(clear A and B set)
     0 ms       17 us >>>>> dimCrucialIsthmus::Checker()
     0 ms       17 us >>>>> dimCrucialIsthmus::_unionKern(a)
     0 ms       13 us >>>>> dimCrucialIsthmus::_unionKern(b)
     1 ms     1316 us >>>> crucialIsthmus::D0CliqueChecker(Find 0-cliques that are crucial for <X, K>)
     0 ms        6 us >>>> crucialIsthmus::cudaMemset(clear A and B set)
    21 ms    21108 us >>> persistenceIsthmusThinningCore::crucialIsthmus()
     0 ms       25 us >>> persistenceIsthmusThinningCore::_assignKern()
     0 ms       21 us >>> persistenceIsthmusThinningCore::_updateBirthKern()
     0 ms       21 us >>> persistenceIsthmusThinningCore::_unionKsetByBirth()
     0 ms        8 us >>> persistenceIsthmusThinningCore::cudaFree(A&B)
     0 ms       10 us >>> persistenceIsthmusThinningCore::cudaMalloc(A&B)
     0 ms       19 us >>> persistenceIsthmusThinningCore::cudaMemset(A&B)
     0 ms        0 us >>> persistenceIsthmusThinningCore::while blocks
    22 ms    22180 us >>> persistenceIsthmusThinningCore::while iter
Current iteration: 16, size: 3712
     0 ms       29 us >>>> crucialIsthmus::_assignKern()
     0 ms       15 us >>>> crucialIsthmus::_clearKern()
     0 ms        6 us >>>> crucialIsthmus::cudaMemset(clear A and B set)
     0 ms       16 us >>>>> dimCrucialIsthmus::Checker()
     0 ms       36 us >>>>> dimCrucialIsthmus::_unionKern(a)
     0 ms       15 us >>>>> dimCrucialIsthmus::_unionKern(b)
     5 ms     5487 us >>>> crucialIsthmus::D3CliqueChecker(find 3-cliques that are crucial for <X, K>)
     0 ms       10 us >>>> crucialIsthmus::cudaMemset(clear A and B set)
     0 ms       17 us >>>>> dimCrucialIsthmus::Checker()
     0 ms       35 us >>>>> dimCrucialIsthmus::_unionKern(a)
     0 ms       15 us >>>>> dimCrucialIsthmus::_unionKern(b)
     8 ms     8756 us >>>> crucialIsthmus::D2CliqueChecker(Find 2-cliques that are crucial for <X, K>)
     0 ms       10 us >>>> crucialIsthmus::cudaMemset(clear A and B set)
     0 ms       17 us >>>>> dimCrucialIsthmus::Checker()
     0 ms       24 us >>>>> dimCrucialIsthmus::_unionKern(a)
     0 ms       15 us >>>>> dimCrucialIsthmus::_unionKern(b)
     3 ms     3808 us >>>> crucialIsthmus::D1CliqueChecker(Find 1-cliques that are crucial for <X, K>)
     0 ms        9 us >>>> crucialIsthmus::cudaMemset(clear A and B set)
     0 ms       16 us >>>>> dimCrucialIsthmus::Checker()
     0 ms       31 us >>>>> dimCrucialIsthmus::_unionKern(a)
     0 ms       14 us >>>>> dimCrucialIsthmus::_unionKern(b)
     1 ms     1214 us >>>> crucialIsthmus::D0CliqueChecker(Find 0-cliques that are crucial for <X, K>)
     0 ms        7 us >>>> crucialIsthmus::cudaMemset(clear A and B set)
    19 ms    19414 us >>> persistenceIsthmusThinningCore::crucialIsthmus()
     0 ms       21 us >>> persistenceIsthmusThinningCore::_assignKern()
     0 ms       20 us >>> persistenceIsthmusThinningCore::_updateBirthKern()
     0 ms       21 us >>> persistenceIsthmusThinningCore::_unionKsetByBirth()
     0 ms        9 us >>> persistenceIsthmusThinningCore::cudaFree(A&B)
     0 ms       11 us >>> persistenceIsthmusThinningCore::cudaMalloc(A&B)
     0 ms        6 us >>> persistenceIsthmusThinningCore::cudaMemset(A&B)
     0 ms        0 us >>> persistenceIsthmusThinningCore::while blocks
    19 ms    19945 us >>> persistenceIsthmusThinningCore::while iter
Current iteration: 17, size: 3085
     0 ms       16 us >>>> crucialIsthmus::_assignKern()
     0 ms       13 us >>>> crucialIsthmus::_clearKern()
     0 ms       18 us >>>> crucialIsthmus::cudaMemset(clear A and B set)
     0 ms       28 us >>>>> dimCrucialIsthmus::Checker()
     0 ms       29 us >>>>> dimCrucialIsthmus::_unionKern(a)
     0 ms       15 us >>>>> dimCrucialIsthmus::_unionKern(b)
     4 ms     4593 us >>>> crucialIsthmus::D3CliqueChecker(find 3-cliques that are crucial for <X, K>)
     0 ms        9 us >>>> crucialIsthmus::cudaMemset(clear A and B set)
     0 ms       17 us >>>>> dimCrucialIsthmus::Checker()
     0 ms       36 us >>>>> dimCrucialIsthmus::_unionKern(a)
     0 ms       15 us >>>>> dimCrucialIsthmus::_unionKern(b)
     7 ms     7056 us >>>> crucialIsthmus::D2CliqueChecker(Find 2-cliques that are crucial for <X, K>)
     0 ms       22 us >>>> crucialIsthmus::cudaMemset(clear A and B set)
     0 ms       33 us >>>>> dimCrucialIsthmus::Checker()
     0 ms       22 us >>>>> dimCrucialIsthmus::_unionKern(a)
     0 ms       15 us >>>>> dimCrucialIsthmus::_unionKern(b)
     3 ms     3074 us >>>> crucialIsthmus::D1CliqueChecker(Find 1-cliques that are crucial for <X, K>)
     0 ms        7 us >>>> crucialIsthmus::cudaMemset(clear A and B set)
     0 ms       17 us >>>>> dimCrucialIsthmus::Checker()
     0 ms       16 us >>>>> dimCrucialIsthmus::_unionKern(a)
     0 ms       14 us >>>>> dimCrucialIsthmus::_unionKern(b)
     1 ms     1092 us >>>> crucialIsthmus::D0CliqueChecker(Find 0-cliques that are crucial for <X, K>)
     0 ms        6 us >>>> crucialIsthmus::cudaMemset(clear A and B set)
    15 ms    15954 us >>> persistenceIsthmusThinningCore::crucialIsthmus()
     0 ms       21 us >>> persistenceIsthmusThinningCore::_assignKern()
     0 ms       20 us >>> persistenceIsthmusThinningCore::_updateBirthKern()
     0 ms       23 us >>> persistenceIsthmusThinningCore::_unionKsetByBirth()
     0 ms        8 us >>> persistenceIsthmusThinningCore::cudaFree(A&B)
     0 ms       11 us >>> persistenceIsthmusThinningCore::cudaMalloc(A&B)
     0 ms        6 us >>> persistenceIsthmusThinningCore::cudaMemset(A&B)
     0 ms        0 us >>> persistenceIsthmusThinningCore::while blocks
    16 ms    16503 us >>> persistenceIsthmusThinningCore::while iter
Current iteration: 18, size: 2783
     0 ms       16 us >>>> crucialIsthmus::_assignKern()
     0 ms       14 us >>>> crucialIsthmus::_clearKern()
     0 ms        5 us >>>> crucialIsthmus::cudaMemset(clear A and B set)
     0 ms       15 us >>>>> dimCrucialIsthmus::Checker()
     0 ms       28 us >>>>> dimCrucialIsthmus::_unionKern(a)
     0 ms       15 us >>>>> dimCrucialIsthmus::_unionKern(b)
     4 ms     4214 us >>>> crucialIsthmus::D3CliqueChecker(find 3-cliques that are crucial for <X, K>)
     0 ms        9 us >>>> crucialIsthmus::cudaMemset(clear A and B set)
     0 ms       16 us >>>>> dimCrucialIsthmus::Checker()
     0 ms       27 us >>>>> dimCrucialIsthmus::_unionKern(a)
     0 ms       15 us >>>>> dimCrucialIsthmus::_unionKern(b)
     6 ms     6862 us >>>> crucialIsthmus::D2CliqueChecker(Find 2-cliques that are crucial for <X, K>)
     0 ms       22 us >>>> crucialIsthmus::cudaMemset(clear A and B set)
     0 ms       30 us >>>>> dimCrucialIsthmus::Checker()
     0 ms       25 us >>>>> dimCrucialIsthmus::_unionKern(a)
     0 ms       15 us >>>>> dimCrucialIsthmus::_unionKern(b)
     2 ms     2902 us >>>> crucialIsthmus::D1CliqueChecker(Find 1-cliques that are crucial for <X, K>)
     0 ms        8 us >>>> crucialIsthmus::cudaMemset(clear A and B set)
     0 ms       16 us >>>>> dimCrucialIsthmus::Checker()
     0 ms       16 us >>>>> dimCrucialIsthmus::_unionKern(a)
     0 ms       14 us >>>>> dimCrucialIsthmus::_unionKern(b)
     0 ms      777 us >>>> crucialIsthmus::D0CliqueChecker(Find 0-cliques that are crucial for <X, K>)
     0 ms        6 us >>>> crucialIsthmus::cudaMemset(clear A and B set)
    14 ms    14896 us >>> persistenceIsthmusThinningCore::crucialIsthmus()
     0 ms       25 us >>> persistenceIsthmusThinningCore::_assignKern()
     0 ms       20 us >>> persistenceIsthmusThinningCore::_updateBirthKern()
     0 ms       21 us >>> persistenceIsthmusThinningCore::_unionKsetByBirth()
     0 ms        8 us >>> persistenceIsthmusThinningCore::cudaFree(A&B)
     0 ms       11 us >>> persistenceIsthmusThinningCore::cudaMalloc(A&B)
     0 ms        6 us >>> persistenceIsthmusThinningCore::cudaMemset(A&B)
     0 ms        0 us >>> persistenceIsthmusThinningCore::while blocks
    15 ms    15404 us >>> persistenceIsthmusThinningCore::while iter
Current iteration: 19, size: 2491
     0 ms       15 us >>>> crucialIsthmus::_assignKern()
     0 ms       14 us >>>> crucialIsthmus::_clearKern()
     0 ms        5 us >>>> crucialIsthmus::cudaMemset(clear A and B set)
     0 ms       16 us >>>>> dimCrucialIsthmus::Checker()
     0 ms       40 us >>>>> dimCrucialIsthmus::_unionKern(a)
     0 ms       15 us >>>>> dimCrucialIsthmus::_unionKern(b)
     4 ms     4036 us >>>> crucialIsthmus::D3CliqueChecker(find 3-cliques that are crucial for <X, K>)
     0 ms       11 us >>>> crucialIsthmus::cudaMemset(clear A and B set)
     0 ms       17 us >>>>> dimCrucialIsthmus::Checker()
     0 ms       35 us >>>>> dimCrucialIsthmus::_unionKern(a)
     0 ms       21 us >>>>> dimCrucialIsthmus::_unionKern(b)
     6 ms     6655 us >>>> crucialIsthmus::D2CliqueChecker(Find 2-cliques that are crucial for <X, K>)
     0 ms       11 us >>>> crucialIsthmus::cudaMemset(clear A and B set)
     0 ms       17 us >>>>> dimCrucialIsthmus::Checker()
     0 ms       40 us >>>>> dimCrucialIsthmus::_unionKern(a)
     0 ms       16 us >>>>> dimCrucialIsthmus::_unionKern(b)
     2 ms     2686 us >>>> crucialIsthmus::D1CliqueChecker(Find 1-cliques that are crucial for <X, K>)
     0 ms       12 us >>>> crucialIsthmus::cudaMemset(clear A and B set)
     0 ms       19 us >>>>> dimCrucialIsthmus::Checker()
     0 ms       16 us >>>>> dimCrucialIsthmus::_unionKern(a)
     0 ms       14 us >>>>> dimCrucialIsthmus::_unionKern(b)
     0 ms      758 us >>>> crucialIsthmus::D0CliqueChecker(Find 0-cliques that are crucial for <X, K>)
     0 ms        6 us >>>> crucialIsthmus::cudaMemset(clear A and B set)
    14 ms    14259 us >>> persistenceIsthmusThinningCore::crucialIsthmus()
     0 ms       21 us >>> persistenceIsthmusThinningCore::_assignKern()
     0 ms       21 us >>> persistenceIsthmusThinningCore::_updateBirthKern()
     0 ms       21 us >>> persistenceIsthmusThinningCore::_unionKsetByBirth()
     0 ms        9 us >>> persistenceIsthmusThinningCore::cudaFree(A&B)
     0 ms       11 us >>> persistenceIsthmusThinningCore::cudaMalloc(A&B)
     0 ms       15 us >>> persistenceIsthmusThinningCore::cudaMemset(A&B)
     0 ms        0 us >>> persistenceIsthmusThinningCore::while blocks
    14 ms    14758 us >>> persistenceIsthmusThinningCore::while iter
Current iteration: 20, size: 2256
     0 ms       17 us >>>> crucialIsthmus::_assignKern()
     0 ms       14 us >>>> crucialIsthmus::_clearKern()
     0 ms        6 us >>>> crucialIsthmus::cudaMemset(clear A and B set)
     0 ms       16 us >>>>> dimCrucialIsthmus::Checker()
     0 ms       29 us >>>>> dimCrucialIsthmus::_unionKern(a)
     0 ms       15 us >>>>> dimCrucialIsthmus::_unionKern(b)
     3 ms     3614 us >>>> crucialIsthmus::D3CliqueChecker(find 3-cliques that are crucial for <X, K>)
     0 ms        8 us >>>> crucialIsthmus::cudaMemset(clear A and B set)
     0 ms       16 us >>>>> dimCrucialIsthmus::Checker()
     0 ms       28 us >>>>> dimCrucialIsthmus::_unionKern(a)
     0 ms       15 us >>>>> dimCrucialIsthmus::_unionKern(b)
     6 ms     6239 us >>>> crucialIsthmus::D2CliqueChecker(Find 2-cliques that are crucial for <X, K>)
     0 ms       22 us >>>> crucialIsthmus::cudaMemset(clear A and B set)
     0 ms       29 us >>>>> dimCrucialIsthmus::Checker()
     0 ms       19 us >>>>> dimCrucialIsthmus::_unionKern(a)
     0 ms       15 us >>>>> dimCrucialIsthmus::_unionKern(b)
     2 ms     2349 us >>>> crucialIsthmus::D1CliqueChecker(Find 1-cliques that are crucial for <X, K>)
     0 ms        7 us >>>> crucialIsthmus::cudaMemset(clear A and B set)
     0 ms       16 us >>>>> dimCrucialIsthmus::Checker()
     0 ms       14 us >>>>> dimCrucialIsthmus::_unionKern(a)
     0 ms       16 us >>>>> dimCrucialIsthmus::_unionKern(b)
     0 ms      711 us >>>> crucialIsthmus::D0CliqueChecker(Find 0-cliques that are crucial for <X, K>)
     0 ms        5 us >>>> crucialIsthmus::cudaMemset(clear A and B set)
    13 ms    13049 us >>> persistenceIsthmusThinningCore::crucialIsthmus()
     0 ms       21 us >>> persistenceIsthmusThinningCore::_assignKern()
     0 ms       20 us >>> persistenceIsthmusThinningCore::_updateBirthKern()
     0 ms       21 us >>> persistenceIsthmusThinningCore::_unionKsetByBirth()
     0 ms        9 us >>> persistenceIsthmusThinningCore::cudaFree(A&B)
     0 ms       11 us >>> persistenceIsthmusThinningCore::cudaMalloc(A&B)
     0 ms        6 us >>> persistenceIsthmusThinningCore::cudaMemset(A&B)
     0 ms        0 us >>> persistenceIsthmusThinningCore::while blocks
    13 ms    13520 us >>> persistenceIsthmusThinningCore::while iter
Current iteration: 21, size: 2060
     0 ms       16 us >>>> crucialIsthmus::_assignKern()
     0 ms       14 us >>>> crucialIsthmus::_clearKern()
     0 ms        5 us >>>> crucialIsthmus::cudaMemset(clear A and B set)
     0 ms       16 us >>>>> dimCrucialIsthmus::Checker()
     0 ms       26 us >>>>> dimCrucialIsthmus::_unionKern(a)
     0 ms       16 us >>>>> dimCrucialIsthmus::_unionKern(b)
     3 ms     3560 us >>>> crucialIsthmus::D3CliqueChecker(find 3-cliques that are crucial for <X, K>)
     0 ms        9 us >>>> crucialIsthmus::cudaMemset(clear A and B set)
     0 ms       17 us >>>>> dimCrucialIsthmus::Checker()
     0 ms       28 us >>>>> dimCrucialIsthmus::_unionKern(a)
     0 ms       28 us >>>>> dimCrucialIsthmus::_unionKern(b)
     5 ms     5879 us >>>> crucialIsthmus::D2CliqueChecker(Find 2-cliques that are crucial for <X, K>)
     0 ms        9 us >>>> crucialIsthmus::cudaMemset(clear A and B set)
     0 ms       16 us >>>>> dimCrucialIsthmus::Checker()
     0 ms       27 us >>>>> dimCrucialIsthmus::_unionKern(a)
     0 ms       15 us >>>>> dimCrucialIsthmus::_unionKern(b)
     2 ms     2652 us >>>> crucialIsthmus::D1CliqueChecker(Find 1-cliques that are crucial for <X, K>)
     0 ms        9 us >>>> crucialIsthmus::cudaMemset(clear A and B set)
     0 ms       17 us >>>>> dimCrucialIsthmus::Checker()
     0 ms       15 us >>>>> dimCrucialIsthmus::_unionKern(a)
     0 ms       13 us >>>>> dimCrucialIsthmus::_unionKern(b)
     0 ms      711 us >>>> crucialIsthmus::D0CliqueChecker(Find 0-cliques that are crucial for <X, K>)
     0 ms        6 us >>>> crucialIsthmus::cudaMemset(clear A and B set)
    12 ms    12919 us >>> persistenceIsthmusThinningCore::crucialIsthmus()
     0 ms       22 us >>> persistenceIsthmusThinningCore::_assignKern()
     0 ms       20 us >>> persistenceIsthmusThinningCore::_updateBirthKern()
     0 ms       20 us >>> persistenceIsthmusThinningCore::_unionKsetByBirth()
     0 ms        9 us >>> persistenceIsthmusThinningCore::cudaFree(A&B)
     0 ms       12 us >>> persistenceIsthmusThinningCore::cudaMalloc(A&B)
     0 ms        6 us >>> persistenceIsthmusThinningCore::cudaMemset(A&B)
     0 ms        0 us >>> persistenceIsthmusThinningCore::while blocks
    13 ms    13433 us >>> persistenceIsthmusThinningCore::while iter
Current iteration: 22, size: 1939
     0 ms       17 us >>>> crucialIsthmus::_assignKern()
     0 ms       14 us >>>> crucialIsthmus::_clearKern()
     0 ms        5 us >>>> crucialIsthmus::cudaMemset(clear A and B set)
     0 ms       17 us >>>>> dimCrucialIsthmus::Checker()
     0 ms       23 us >>>>> dimCrucialIsthmus::_unionKern(a)
     0 ms       15 us >>>>> dimCrucialIsthmus::_unionKern(b)
     3 ms     3342 us >>>> crucialIsthmus::D3CliqueChecker(find 3-cliques that are crucial for <X, K>)
     0 ms        8 us >>>> crucialIsthmus::cudaMemset(clear A and B set)
     0 ms       19 us >>>>> dimCrucialIsthmus::Checker()
     0 ms       39 us >>>>> dimCrucialIsthmus::_unionKern(a)
     0 ms       15 us >>>>> dimCrucialIsthmus::_unionKern(b)
     5 ms     5767 us >>>> crucialIsthmus::D2CliqueChecker(Find 2-cliques that are crucial for <X, K>)
     0 ms       12 us >>>> crucialIsthmus::cudaMemset(clear A and B set)
     0 ms       16 us >>>>> dimCrucialIsthmus::Checker()
     0 ms       28 us >>>>> dimCrucialIsthmus::_unionKern(a)
     0 ms       18 us >>>>> dimCrucialIsthmus::_unionKern(b)
     2 ms     2568 us >>>> crucialIsthmus::D1CliqueChecker(Find 1-cliques that are crucial for <X, K>)
     0 ms        9 us >>>> crucialIsthmus::cudaMemset(clear A and B set)
     0 ms       17 us >>>>> dimCrucialIsthmus::Checker()
     0 ms       15 us >>>>> dimCrucialIsthmus::_unionKern(a)
     0 ms       13 us >>>>> dimCrucialIsthmus::_unionKern(b)
     0 ms      714 us >>>> crucialIsthmus::D0CliqueChecker(Find 0-cliques that are crucial for <X, K>)
     0 ms        5 us >>>> crucialIsthmus::cudaMemset(clear A and B set)
    12 ms    12510 us >>> persistenceIsthmusThinningCore::crucialIsthmus()
     0 ms       21 us >>> persistenceIsthmusThinningCore::_assignKern()
     0 ms       22 us >>> persistenceIsthmusThinningCore::_updateBirthKern()
     0 ms       22 us >>> persistenceIsthmusThinningCore::_unionKsetByBirth()
     0 ms        8 us >>> persistenceIsthmusThinningCore::cudaFree(A&B)
     0 ms       12 us >>> persistenceIsthmusThinningCore::cudaMalloc(A&B)
     0 ms        6 us >>> persistenceIsthmusThinningCore::cudaMemset(A&B)
     0 ms        0 us >>> persistenceIsthmusThinningCore::while blocks
    12 ms    12989 us >>> persistenceIsthmusThinningCore::while iter
Current iteration: 23, size: 1836
     0 ms       23 us >>>> crucialIsthmus::_assignKern()
     0 ms       15 us >>>> crucialIsthmus::_clearKern()
     0 ms        6 us >>>> crucialIsthmus::cudaMemset(clear A and B set)
     0 ms       16 us >>>>> dimCrucialIsthmus::Checker()
     0 ms       34 us >>>>> dimCrucialIsthmus::_unionKern(a)
     0 ms       15 us >>>>> dimCrucialIsthmus::_unionKern(b)
     3 ms     3010 us >>>> crucialIsthmus::D3CliqueChecker(find 3-cliques that are crucial for <X, K>)
     0 ms       10 us >>>> crucialIsthmus::cudaMemset(clear A and B set)
     0 ms       17 us >>>>> dimCrucialIsthmus::Checker()
     0 ms       28 us >>>>> dimCrucialIsthmus::_unionKern(a)
     0 ms       22 us >>>>> dimCrucialIsthmus::_unionKern(b)
     5 ms     5283 us >>>> crucialIsthmus::D2CliqueChecker(Find 2-cliques that are crucial for <X, K>)
     0 ms       13 us >>>> crucialIsthmus::cudaMemset(clear A and B set)
     0 ms       28 us >>>>> dimCrucialIsthmus::Checker()
     0 ms       36 us >>>>> dimCrucialIsthmus::_unionKern(a)
     0 ms       29 us >>>>> dimCrucialIsthmus::_unionKern(b)
     2 ms     2578 us >>>> crucialIsthmus::D1CliqueChecker(Find 1-cliques that are crucial for <X, K>)
     0 ms       14 us >>>> crucialIsthmus::cudaMemset(clear A and B set)
     0 ms       29 us >>>>> dimCrucialIsthmus::Checker()
     0 ms       31 us >>>>> dimCrucialIsthmus::_unionKern(a)
     0 ms       27 us >>>>> dimCrucialIsthmus::_unionKern(b)
     0 ms      766 us >>>> crucialIsthmus::D0CliqueChecker(Find 0-cliques that are crucial for <X, K>)
     0 ms       11 us >>>> crucialIsthmus::cudaMemset(clear A and B set)
    11 ms    11791 us >>> persistenceIsthmusThinningCore::crucialIsthmus()
     0 ms       34 us >>> persistenceIsthmusThinningCore::_assignKern()
     0 ms       34 us >>> persistenceIsthmusThinningCore::_updateBirthKern()
     0 ms       38 us >>> persistenceIsthmusThinningCore::_unionKsetByBirth()
     0 ms       14 us >>> persistenceIsthmusThinningCore::cudaFree(A&B)
     0 ms       17 us >>> persistenceIsthmusThinningCore::cudaMalloc(A&B)
     0 ms       10 us >>> persistenceIsthmusThinningCore::cudaMemset(A&B)
     0 ms        0 us >>> persistenceIsthmusThinningCore::while blocks
    12 ms    12539 us >>> persistenceIsthmusThinningCore::while iter
Current iteration: 24, size: 1745
     0 ms       30 us >>>> crucialIsthmus::_assignKern()
     0 ms       27 us >>>> crucialIsthmus::_clearKern()
     0 ms        9 us >>>> crucialIsthmus::cudaMemset(clear A and B set)
     0 ms       42 us >>>>> dimCrucialIsthmus::Checker()
     0 ms       45 us >>>>> dimCrucialIsthmus::_unionKern(a)
     0 ms       24 us >>>>> dimCrucialIsthmus::_unionKern(b)
     3 ms     3290 us >>>> crucialIsthmus::D3CliqueChecker(find 3-cliques that are crucial for <X, K>)
     0 ms       14 us >>>> crucialIsthmus::cudaMemset(clear A and B set)
     0 ms       27 us >>>>> dimCrucialIsthmus::Checker()
     0 ms       35 us >>>>> dimCrucialIsthmus::_unionKern(a)
     0 ms       24 us >>>>> dimCrucialIsthmus::_unionKern(b)
     5 ms     5564 us >>>> crucialIsthmus::D2CliqueChecker(Find 2-cliques that are crucial for <X, K>)
     0 ms       13 us >>>> crucialIsthmus::cudaMemset(clear A and B set)
     0 ms       28 us >>>>> dimCrucialIsthmus::Checker()
     0 ms       46 us >>>>> dimCrucialIsthmus::_unionKern(a)
     0 ms       26 us >>>>> dimCrucialIsthmus::_unionKern(b)
     2 ms     2304 us >>>> crucialIsthmus::D1CliqueChecker(Find 1-cliques that are crucial for <X, K>)
     0 ms       12 us >>>> crucialIsthmus::cudaMemset(clear A and B set)
     0 ms       29 us >>>>> dimCrucialIsthmus::Checker()
     0 ms       31 us >>>>> dimCrucialIsthmus::_unionKern(a)
     0 ms       27 us >>>>> dimCrucialIsthmus::_unionKern(b)
     0 ms      731 us >>>> crucialIsthmus::D0CliqueChecker(Find 0-cliques that are crucial for <X, K>)
     0 ms       11 us >>>> crucialIsthmus::cudaMemset(clear A and B set)
    12 ms    12098 us >>> persistenceIsthmusThinningCore::crucialIsthmus()
     0 ms       34 us >>> persistenceIsthmusThinningCore::_assignKern()
     0 ms       33 us >>> persistenceIsthmusThinningCore::_updateBirthKern()
     0 ms       33 us >>> persistenceIsthmusThinningCore::_unionKsetByBirth()
     0 ms       13 us >>> persistenceIsthmusThinningCore::cudaFree(A&B)
     0 ms       17 us >>> persistenceIsthmusThinningCore::cudaMalloc(A&B)
     0 ms       10 us >>> persistenceIsthmusThinningCore::cudaMemset(A&B)
     0 ms        0 us >>> persistenceIsthmusThinningCore::while blocks
    13 ms    13009 us >>> persistenceIsthmusThinningCore::while iter
Current iteration: 25, size: 1671
     0 ms       28 us >>>> crucialIsthmus::_assignKern()
     0 ms       26 us >>>> crucialIsthmus::_clearKern()
     0 ms        9 us >>>> crucialIsthmus::cudaMemset(clear A and B set)
     0 ms       27 us >>>>> dimCrucialIsthmus::Checker()
     0 ms       36 us >>>>> dimCrucialIsthmus::_unionKern(a)
     0 ms       28 us >>>>> dimCrucialIsthmus::_unionKern(b)
     3 ms     3025 us >>>> crucialIsthmus::D3CliqueChecker(find 3-cliques that are crucial for <X, K>)
     0 ms       13 us >>>> crucialIsthmus::cudaMemset(clear A and B set)
     0 ms       28 us >>>>> dimCrucialIsthmus::Checker()
     0 ms       51 us >>>>> dimCrucialIsthmus::_unionKern(a)
     0 ms       27 us >>>>> dimCrucialIsthmus::_unionKern(b)
     5 ms     5093 us >>>> crucialIsthmus::D2CliqueChecker(Find 2-cliques that are crucial for <X, K>)
     0 ms       16 us >>>> crucialIsthmus::cudaMemset(clear A and B set)
     0 ms       29 us >>>>> dimCrucialIsthmus::Checker()
     0 ms       36 us >>>>> dimCrucialIsthmus::_unionKern(a)
     0 ms       35 us >>>>> dimCrucialIsthmus::_unionKern(b)
     2 ms     2225 us >>>> crucialIsthmus::D1CliqueChecker(Find 1-cliques that are crucial for <X, K>)
     0 ms       13 us >>>> crucialIsthmus::cudaMemset(clear A and B set)
     0 ms       30 us >>>>> dimCrucialIsthmus::Checker()
     0 ms       27 us >>>>> dimCrucialIsthmus::_unionKern(a)
     0 ms       23 us >>>>> dimCrucialIsthmus::_unionKern(b)
     0 ms      705 us >>>> crucialIsthmus::D0CliqueChecker(Find 0-cliques that are crucial for <X, K>)
     0 ms       10 us >>>> crucialIsthmus::cudaMemset(clear A and B set)
    11 ms    11236 us >>> persistenceIsthmusThinningCore::crucialIsthmus()
     0 ms       33 us >>> persistenceIsthmusThinningCore::_assignKern()
     0 ms       32 us >>> persistenceIsthmusThinningCore::_updateBirthKern()
     0 ms       32 us >>> persistenceIsthmusThinningCore::_unionKsetByBirth()
     0 ms       13 us >>> persistenceIsthmusThinningCore::cudaFree(A&B)
     0 ms       15 us >>> persistenceIsthmusThinningCore::cudaMalloc(A&B)
     0 ms       22 us >>> persistenceIsthmusThinningCore::cudaMemset(A&B)
     0 ms        0 us >>> persistenceIsthmusThinningCore::while blocks
    12 ms    12036 us >>> persistenceIsthmusThinningCore::while iter
Current iteration: 26, size: 1605
     0 ms       49 us >>>> crucialIsthmus::_assignKern()
     0 ms       53 us >>>> crucialIsthmus::_clearKern()
     0 ms        7 us >>>> crucialIsthmus::cudaMemset(clear A and B set)
     0 ms       34 us >>>>> dimCrucialIsthmus::Checker()
     0 ms       41 us >>>>> dimCrucialIsthmus::_unionKern(a)
     0 ms       28 us >>>>> dimCrucialIsthmus::_unionKern(b)
     2 ms     2711 us >>>> crucialIsthmus::D3CliqueChecker(find 3-cliques that are crucial for <X, K>)
     0 ms       13 us >>>> crucialIsthmus::cudaMemset(clear A and B set)
     0 ms       29 us >>>>> dimCrucialIsthmus::Checker()
     0 ms       34 us >>>>> dimCrucialIsthmus::_unionKern(a)
     0 ms       24 us >>>>> dimCrucialIsthmus::_unionKern(b)
     4 ms     4549 us >>>> crucialIsthmus::D2CliqueChecker(Find 2-cliques that are crucial for <X, K>)
     0 ms       14 us >>>> crucialIsthmus::cudaMemset(clear A and B set)
     0 ms       27 us >>>>> dimCrucialIsthmus::Checker()
     0 ms       35 us >>>>> dimCrucialIsthmus::_unionKern(a)
     0 ms       27 us >>>>> dimCrucialIsthmus::_unionKern(b)
     2 ms     2188 us >>>> crucialIsthmus::D1CliqueChecker(Find 1-cliques that are crucial for <X, K>)
     0 ms       26 us >>>> crucialIsthmus::cudaMemset(clear A and B set)
     0 ms       50 us >>>>> dimCrucialIsthmus::Checker()
     0 ms       39 us >>>>> dimCrucialIsthmus::_unionKern(a)
     0 ms       27 us >>>>> dimCrucialIsthmus::_unionKern(b)
     0 ms      789 us >>>> crucialIsthmus::D0CliqueChecker(Find 0-cliques that are crucial for <X, K>)
     0 ms       11 us >>>> crucialIsthmus::cudaMemset(clear A and B set)
    10 ms    10504 us >>> persistenceIsthmusThinningCore::crucialIsthmus()
     0 ms       34 us >>> persistenceIsthmusThinningCore::_assignKern()
     0 ms       33 us >>> persistenceIsthmusThinningCore::_updateBirthKern()
     0 ms       34 us >>> persistenceIsthmusThinningCore::_unionKsetByBirth()
     0 ms       14 us >>> persistenceIsthmusThinningCore::cudaFree(A&B)
     0 ms       16 us >>> persistenceIsthmusThinningCore::cudaMalloc(A&B)
     0 ms       10 us >>> persistenceIsthmusThinningCore::cudaMemset(A&B)
     0 ms        0 us >>> persistenceIsthmusThinningCore::while blocks
    11 ms    11297 us >>> persistenceIsthmusThinningCore::while iter
Current iteration: 27, size: 1560
     0 ms       29 us >>>> crucialIsthmus::_assignKern()
     0 ms       25 us >>>> crucialIsthmus::_clearKern()
     0 ms        9 us >>>> crucialIsthmus::cudaMemset(clear A and B set)
     0 ms       28 us >>>>> dimCrucialIsthmus::Checker()
     0 ms       46 us >>>>> dimCrucialIsthmus::_unionKern(a)
     0 ms       28 us >>>>> dimCrucialIsthmus::_unionKern(b)
     2 ms     2771 us >>>> crucialIsthmus::D3CliqueChecker(find 3-cliques that are crucial for <X, K>)
     0 ms       15 us >>>> crucialIsthmus::cudaMemset(clear A and B set)
     0 ms       29 us >>>>> dimCrucialIsthmus::Checker()
     0 ms       42 us >>>>> dimCrucialIsthmus::_unionKern(a)
     0 ms       26 us >>>>> dimCrucialIsthmus::_unionKern(b)
     4 ms     4614 us >>>> crucialIsthmus::D2CliqueChecker(Find 2-cliques that are crucial for <X, K>)
     0 ms       13 us >>>> crucialIsthmus::cudaMemset(clear A and B set)
     0 ms       27 us >>>>> dimCrucialIsthmus::Checker()
     0 ms       36 us >>>>> dimCrucialIsthmus::_unionKern(a)
     0 ms       27 us >>>>> dimCrucialIsthmus::_unionKern(b)
     2 ms     2911 us >>>> crucialIsthmus::D1CliqueChecker(Find 1-cliques that are crucial for <X, K>)
     0 ms       12 us >>>> crucialIsthmus::cudaMemset(clear A and B set)
     0 ms       28 us >>>>> dimCrucialIsthmus::Checker()
     0 ms       38 us >>>>> dimCrucialIsthmus::_unionKern(a)
     0 ms       28 us >>>>> dimCrucialIsthmus::_unionKern(b)
     0 ms      725 us >>>> crucialIsthmus::D0CliqueChecker(Find 0-cliques that are crucial for <X, K>)
     0 ms       25 us >>>> crucialIsthmus::cudaMemset(clear A and B set)
    11 ms    11224 us >>> persistenceIsthmusThinningCore::crucialIsthmus()
     0 ms       34 us >>> persistenceIsthmusThinningCore::_assignKern()
     0 ms       32 us >>> persistenceIsthmusThinningCore::_updateBirthKern()
     0 ms       33 us >>> persistenceIsthmusThinningCore::_unionKsetByBirth()
     0 ms       13 us >>> persistenceIsthmusThinningCore::cudaFree(A&B)
     0 ms       30 us >>> persistenceIsthmusThinningCore::cudaMalloc(A&B)
     0 ms       11 us >>> persistenceIsthmusThinningCore::cudaMemset(A&B)
     0 ms        0 us >>> persistenceIsthmusThinningCore::while blocks
    11 ms    11971 us >>> persistenceIsthmusThinningCore::while iter
Current iteration: 28, size: 1525
     0 ms       42 us >>>> crucialIsthmus::_assignKern()
     0 ms       25 us >>>> crucialIsthmus::_clearKern()
     0 ms        9 us >>>> crucialIsthmus::cudaMemset(clear A and B set)
     0 ms       54 us >>>>> dimCrucialIsthmus::Checker()
     0 ms       36 us >>>>> dimCrucialIsthmus::_unionKern(a)
     0 ms       27 us >>>>> dimCrucialIsthmus::_unionKern(b)
     2 ms     2955 us >>>> crucialIsthmus::D3CliqueChecker(find 3-cliques that are crucial for <X, K>)
     0 ms       12 us >>>> crucialIsthmus::cudaMemset(clear A and B set)
     0 ms       33 us >>>>> dimCrucialIsthmus::Checker()
     0 ms       32 us >>>>> dimCrucialIsthmus::_unionKern(a)
     0 ms       23 us >>>>> dimCrucialIsthmus::_unionKern(b)
     5 ms     5459 us >>>> crucialIsthmus::D2CliqueChecker(Find 2-cliques that are crucial for <X, K>)
     0 ms       13 us >>>> crucialIsthmus::cudaMemset(clear A and B set)
     0 ms       27 us >>>>> dimCrucialIsthmus::Checker()
     0 ms       25 us >>>>> dimCrucialIsthmus::_unionKern(a)
     0 ms       15 us >>>>> dimCrucialIsthmus::_unionKern(b)
     2 ms     2667 us >>>> crucialIsthmus::D1CliqueChecker(Find 1-cliques that are crucial for <X, K>)
     0 ms        8 us >>>> crucialIsthmus::cudaMemset(clear A and B set)
     0 ms       17 us >>>>> dimCrucialIsthmus::Checker()
     0 ms       16 us >>>>> dimCrucialIsthmus::_unionKern(a)
     0 ms       14 us >>>>> dimCrucialIsthmus::_unionKern(b)
     0 ms      677 us >>>> crucialIsthmus::D0CliqueChecker(Find 0-cliques that are crucial for <X, K>)
     0 ms        6 us >>>> crucialIsthmus::cudaMemset(clear A and B set)
    11 ms    11950 us >>> persistenceIsthmusThinningCore::crucialIsthmus()
     0 ms       21 us >>> persistenceIsthmusThinningCore::_assignKern()
     0 ms       20 us >>> persistenceIsthmusThinningCore::_updateBirthKern()
     0 ms       20 us >>> persistenceIsthmusThinningCore::_unionKsetByBirth()
     0 ms        8 us >>> persistenceIsthmusThinningCore::cudaFree(A&B)
     0 ms       10 us >>> persistenceIsthmusThinningCore::cudaMalloc(A&B)
     0 ms        6 us >>> persistenceIsthmusThinningCore::cudaMemset(A&B)
     0 ms        0 us >>> persistenceIsthmusThinningCore::while blocks
    12 ms    12446 us >>> persistenceIsthmusThinningCore::while iter
Current iteration: 29, size: 1498
     0 ms       16 us >>>> crucialIsthmus::_assignKern()
     0 ms       14 us >>>> crucialIsthmus::_clearKern()
     0 ms        5 us >>>> crucialIsthmus::cudaMemset(clear A and B set)
     0 ms       16 us >>>>> dimCrucialIsthmus::Checker()
     0 ms       33 us >>>>> dimCrucialIsthmus::_unionKern(a)
     0 ms       15 us >>>>> dimCrucialIsthmus::_unionKern(b)
     2 ms     2609 us >>>> crucialIsthmus::D3CliqueChecker(find 3-cliques that are crucial for <X, K>)
     0 ms       16 us >>>> crucialIsthmus::cudaMemset(clear A and B set)
     0 ms       17 us >>>>> dimCrucialIsthmus::Checker()
     0 ms       29 us >>>>> dimCrucialIsthmus::_unionKern(a)
     0 ms       15 us >>>>> dimCrucialIsthmus::_unionKern(b)
     4 ms     4656 us >>>> crucialIsthmus::D2CliqueChecker(Find 2-cliques that are crucial for <X, K>)
     0 ms       10 us >>>> crucialIsthmus::cudaMemset(clear A and B set)
     0 ms       17 us >>>>> dimCrucialIsthmus::Checker()
     0 ms       23 us >>>>> dimCrucialIsthmus::_unionKern(a)
     0 ms       16 us >>>>> dimCrucialIsthmus::_unionKern(b)
     2 ms     2174 us >>>> crucialIsthmus::D1CliqueChecker(Find 1-cliques that are crucial for <X, K>)
     0 ms        9 us >>>> crucialIsthmus::cudaMemset(clear A and B set)
     0 ms       18 us >>>>> dimCrucialIsthmus::Checker()
     0 ms       16 us >>>>> dimCrucialIsthmus::_unionKern(a)
     0 ms       18 us >>>>> dimCrucialIsthmus::_unionKern(b)
     0 ms      656 us >>>> crucialIsthmus::D0CliqueChecker(Find 0-cliques that are crucial for <X, K>)
     0 ms        6 us >>>> crucialIsthmus::cudaMemset(clear A and B set)
    10 ms    10226 us >>> persistenceIsthmusThinningCore::crucialIsthmus()
     0 ms       20 us >>> persistenceIsthmusThinningCore::_assignKern()
     0 ms       21 us >>> persistenceIsthmusThinningCore::_updateBirthKern()
     0 ms       20 us >>> persistenceIsthmusThinningCore::_unionKsetByBirth()
     0 ms       30 us >>> persistenceIsthmusThinningCore::cudaFree(A&B)
     0 ms       11 us >>> persistenceIsthmusThinningCore::cudaMalloc(A&B)
     0 ms        7 us >>> persistenceIsthmusThinningCore::cudaMemset(A&B)
     0 ms        0 us >>> persistenceIsthmusThinningCore::while blocks
    10 ms    10734 us >>> persistenceIsthmusThinningCore::while iter
Current iteration: 30, size: 1475
     0 ms       16 us >>>> crucialIsthmus::_assignKern()
     0 ms       14 us >>>> crucialIsthmus::_clearKern()
     0 ms        5 us >>>> crucialIsthmus::cudaMemset(clear A and B set)
     0 ms       16 us >>>>> dimCrucialIsthmus::Checker()
     0 ms       25 us >>>>> dimCrucialIsthmus::_unionKern(a)
     0 ms       15 us >>>>> dimCrucialIsthmus::_unionKern(b)
     2 ms     2594 us >>>> crucialIsthmus::D3CliqueChecker(find 3-cliques that are crucial for <X, K>)
     0 ms        8 us >>>> crucialIsthmus::cudaMemset(clear A and B set)
     0 ms       16 us >>>>> dimCrucialIsthmus::Checker()
     0 ms       21 us >>>>> dimCrucialIsthmus::_unionKern(a)
     0 ms       14 us >>>>> dimCrucialIsthmus::_unionKern(b)
     4 ms     4575 us >>>> crucialIsthmus::D2CliqueChecker(Find 2-cliques that are crucial for <X, K>)
     0 ms        7 us >>>> crucialIsthmus::cudaMemset(clear A and B set)
     0 ms       16 us >>>>> dimCrucialIsthmus::Checker()
     0 ms       24 us >>>>> dimCrucialIsthmus::_unionKern(a)
     0 ms       21 us >>>>> dimCrucialIsthmus::_unionKern(b)
     2 ms     2292 us >>>> crucialIsthmus::D1CliqueChecker(Find 1-cliques that are crucial for <X, K>)
     0 ms       10 us >>>> crucialIsthmus::cudaMemset(clear A and B set)
     0 ms       17 us >>>>> dimCrucialIsthmus::Checker()
     0 ms       15 us >>>>> dimCrucialIsthmus::_unionKern(a)
     0 ms       14 us >>>>> dimCrucialIsthmus::_unionKern(b)
     0 ms      641 us >>>> crucialIsthmus::D0CliqueChecker(Find 0-cliques that are crucial for <X, K>)
     0 ms        5 us >>>> crucialIsthmus::cudaMemset(clear A and B set)
    10 ms    10215 us >>> persistenceIsthmusThinningCore::crucialIsthmus()
     0 ms       21 us >>> persistenceIsthmusThinningCore::_assignKern()
     0 ms       20 us >>> persistenceIsthmusThinningCore::_updateBirthKern()
     0 ms       21 us >>> persistenceIsthmusThinningCore::_unionKsetByBirth()
     0 ms        9 us >>> persistenceIsthmusThinningCore::cudaFree(A&B)
     0 ms       11 us >>> persistenceIsthmusThinningCore::cudaMalloc(A&B)
     0 ms        6 us >>> persistenceIsthmusThinningCore::cudaMemset(A&B)
     0 ms        0 us >>> persistenceIsthmusThinningCore::while blocks
    10 ms    10692 us >>> persistenceIsthmusThinningCore::while iter
Current iteration: 31, size: 1460
     0 ms       16 us >>>> crucialIsthmus::_assignKern()
     0 ms       15 us >>>> crucialIsthmus::_clearKern()
     0 ms        5 us >>>> crucialIsthmus::cudaMemset(clear A and B set)
     0 ms       16 us >>>>> dimCrucialIsthmus::Checker()
     0 ms       22 us >>>>> dimCrucialIsthmus::_unionKern(a)
     0 ms       15 us >>>>> dimCrucialIsthmus::_unionKern(b)
     2 ms     2498 us >>>> crucialIsthmus::D3CliqueChecker(find 3-cliques that are crucial for <X, K>)
     0 ms        8 us >>>> crucialIsthmus::cudaMemset(clear A and B set)
     0 ms       16 us >>>>> dimCrucialIsthmus::Checker()
     0 ms       24 us >>>>> dimCrucialIsthmus::_unionKern(a)
     0 ms       15 us >>>>> dimCrucialIsthmus::_unionKern(b)
     4 ms     4316 us >>>> crucialIsthmus::D2CliqueChecker(Find 2-cliques that are crucial for <X, K>)
     0 ms        8 us >>>> crucialIsthmus::cudaMemset(clear A and B set)
     0 ms       16 us >>>>> dimCrucialIsthmus::Checker()
     0 ms       25 us >>>>> dimCrucialIsthmus::_unionKern(a)
     0 ms       14 us >>>>> dimCrucialIsthmus::_unionKern(b)
     2 ms     2309 us >>>> crucialIsthmus::D1CliqueChecker(Find 1-cliques that are crucial for <X, K>)
     0 ms        8 us >>>> crucialIsthmus::cudaMemset(clear A and B set)
     0 ms       24 us >>>>> dimCrucialIsthmus::Checker()
     0 ms       15 us >>>>> dimCrucialIsthmus::_unionKern(a)
     0 ms       14 us >>>>> dimCrucialIsthmus::_unionKern(b)
     0 ms      661 us >>>> crucialIsthmus::D0CliqueChecker(Find 0-cliques that are crucial for <X, K>)
     0 ms        6 us >>>> crucialIsthmus::cudaMemset(clear A and B set)
     9 ms     9910 us >>> persistenceIsthmusThinningCore::crucialIsthmus()
     0 ms       21 us >>> persistenceIsthmusThinningCore::_assignKern()
     0 ms       20 us >>> persistenceIsthmusThinningCore::_updateBirthKern()
     0 ms       20 us >>> persistenceIsthmusThinningCore::_unionKsetByBirth()
     0 ms        8 us >>> persistenceIsthmusThinningCore::cudaFree(A&B)
     0 ms       10 us >>> persistenceIsthmusThinningCore::cudaMalloc(A&B)
     0 ms        6 us >>> persistenceIsthmusThinningCore::cudaMemset(A&B)
     0 ms        0 us >>> persistenceIsthmusThinningCore::while blocks
    10 ms    10369 us >>> persistenceIsthmusThinningCore::while iter
Current iteration: 32, size: 1450
     0 ms       16 us >>>> crucialIsthmus::_assignKern()
     0 ms       26 us >>>> crucialIsthmus::_clearKern()
     0 ms       19 us >>>> crucialIsthmus::cudaMemset(clear A and B set)
     0 ms       29 us >>>>> dimCrucialIsthmus::Checker()
     0 ms       22 us >>>>> dimCrucialIsthmus::_unionKern(a)
     0 ms       14 us >>>>> dimCrucialIsthmus::_unionKern(b)
     2 ms     2234 us >>>> crucialIsthmus::D3CliqueChecker(find 3-cliques that are crucial for <X, K>)
     0 ms        8 us >>>> crucialIsthmus::cudaMemset(clear A and B set)
     0 ms       16 us >>>>> dimCrucialIsthmus::Checker()
     0 ms       27 us >>>>> dimCrucialIsthmus::_unionKern(a)
     0 ms       17 us >>>>> dimCrucialIsthmus::_unionKern(b)
     3 ms     3869 us >>>> crucialIsthmus::D2CliqueChecker(Find 2-cliques that are crucial for <X, K>)
     0 ms        8 us >>>> crucialIsthmus::cudaMemset(clear A and B set)
     0 ms       17 us >>>>> dimCrucialIsthmus::Checker()
     0 ms       25 us >>>>> dimCrucialIsthmus::_unionKern(a)
     0 ms       14 us >>>>> dimCrucialIsthmus::_unionKern(b)
     2 ms     2508 us >>>> crucialIsthmus::D1CliqueChecker(Find 1-cliques that are crucial for <X, K>)
     0 ms       11 us >>>> crucialIsthmus::cudaMemset(clear A and B set)
     0 ms       17 us >>>>> dimCrucialIsthmus::Checker()
     0 ms       17 us >>>>> dimCrucialIsthmus::_unionKern(a)
     0 ms       14 us >>>>> dimCrucialIsthmus::_unionKern(b)
     0 ms      645 us >>>> crucialIsthmus::D0CliqueChecker(Find 0-cliques that are crucial for <X, K>)
     0 ms        6 us >>>> crucialIsthmus::cudaMemset(clear A and B set)
     9 ms     9402 us >>> persistenceIsthmusThinningCore::crucialIsthmus()
     0 ms       21 us >>> persistenceIsthmusThinningCore::_assignKern()
     0 ms       20 us >>> persistenceIsthmusThinningCore::_updateBirthKern()
     0 ms       20 us >>> persistenceIsthmusThinningCore::_unionKsetByBirth()
     0 ms        8 us >>> persistenceIsthmusThinningCore::cudaFree(A&B)
     0 ms       10 us >>> persistenceIsthmusThinningCore::cudaMalloc(A&B)
     0 ms        6 us >>> persistenceIsthmusThinningCore::cudaMemset(A&B)
     0 ms        0 us >>> persistenceIsthmusThinningCore::while blocks
     9 ms     9870 us >>> persistenceIsthmusThinningCore::while iter
Current iteration: 33, size: 1447
     0 ms       17 us >>>> crucialIsthmus::_assignKern()
     0 ms       20 us >>>> crucialIsthmus::_clearKern()
     0 ms        5 us >>>> crucialIsthmus::cudaMemset(clear A and B set)
     0 ms       16 us >>>>> dimCrucialIsthmus::Checker()
     0 ms       18 us >>>>> dimCrucialIsthmus::_unionKern(a)
     0 ms       14 us >>>>> dimCrucialIsthmus::_unionKern(b)
     2 ms     2001 us >>>> crucialIsthmus::D3CliqueChecker(find 3-cliques that are crucial for <X, K>)
     0 ms        7 us >>>> crucialIsthmus::cudaMemset(clear A and B set)
     0 ms       16 us >>>>> dimCrucialIsthmus::Checker()
     0 ms       27 us >>>>> dimCrucialIsthmus::_unionKern(a)
     0 ms       15 us >>>>> dimCrucialIsthmus::_unionKern(b)
     3 ms     3754 us >>>> crucialIsthmus::D2CliqueChecker(Find 2-cliques that are crucial for <X, K>)
     0 ms        8 us >>>> crucialIsthmus::cudaMemset(clear A and B set)
     0 ms       16 us >>>>> dimCrucialIsthmus::Checker()
     0 ms       22 us >>>>> dimCrucialIsthmus::_unionKern(a)
     0 ms       14 us >>>>> dimCrucialIsthmus::_unionKern(b)
     2 ms     2451 us >>>> crucialIsthmus::D1CliqueChecker(Find 1-cliques that are crucial for <X, K>)
     0 ms        7 us >>>> crucialIsthmus::cudaMemset(clear A and B set)
     0 ms       15 us >>>>> dimCrucialIsthmus::Checker()
     0 ms       15 us >>>>> dimCrucialIsthmus::_unionKern(a)
     0 ms       14 us >>>>> dimCrucialIsthmus::_unionKern(b)
     0 ms      648 us >>>> crucialIsthmus::D0CliqueChecker(Find 0-cliques that are crucial for <X, K>)
     0 ms        6 us >>>> crucialIsthmus::cudaMemset(clear A and B set)
     8 ms     8972 us >>> persistenceIsthmusThinningCore::crucialIsthmus()
     0 ms       21 us >>> persistenceIsthmusThinningCore::_assignKern()
     0 ms       20 us >>> persistenceIsthmusThinningCore::_updateBirthKern()
     0 ms       53 us >>> persistenceIsthmusThinningCore::_unionKsetByBirth()
     0 ms        8 us >>> persistenceIsthmusThinningCore::cudaFree(A&B)
     0 ms       10 us >>> persistenceIsthmusThinningCore::cudaMalloc(A&B)
     0 ms        6 us >>> persistenceIsthmusThinningCore::cudaMemset(A&B)
     0 ms        0 us >>> persistenceIsthmusThinningCore::while blocks
     9 ms     9603 us >>> persistenceIsthmusThinningCore::while iter
Current iteration: 34, size: 1443
     0 ms       16 us >>>> crucialIsthmus::_assignKern()
     0 ms       14 us >>>> crucialIsthmus::_clearKern()
     0 ms        5 us >>>> crucialIsthmus::cudaMemset(clear A and B set)
     0 ms       15 us >>>>> dimCrucialIsthmus::Checker()
     0 ms       19 us >>>>> dimCrucialIsthmus::_unionKern(a)
     0 ms       15 us >>>>> dimCrucialIsthmus::_unionKern(b)
     2 ms     2001 us >>>> crucialIsthmus::D3CliqueChecker(find 3-cliques that are crucial for <X, K>)
     0 ms        7 us >>>> crucialIsthmus::cudaMemset(clear A and B set)
     0 ms       16 us >>>>> dimCrucialIsthmus::Checker()
     0 ms       26 us >>>>> dimCrucialIsthmus::_unionKern(a)
     0 ms       15 us >>>>> dimCrucialIsthmus::_unionKern(b)
     3 ms     3456 us >>>> crucialIsthmus::D2CliqueChecker(Find 2-cliques that are crucial for <X, K>)
     0 ms        8 us >>>> crucialIsthmus::cudaMemset(clear A and B set)
     0 ms       16 us >>>>> dimCrucialIsthmus::Checker()
     0 ms       24 us >>>>> dimCrucialIsthmus::_unionKern(a)
     0 ms       20 us >>>>> dimCrucialIsthmus::_unionKern(b)
     2 ms     2456 us >>>> crucialIsthmus::D1CliqueChecker(Find 1-cliques that are crucial for <X, K>)
     0 ms        9 us >>>> crucialIsthmus::cudaMemset(clear A and B set)
     0 ms       21 us >>>>> dimCrucialIsthmus::Checker()
     0 ms       15 us >>>>> dimCrucialIsthmus::_unionKern(a)
     0 ms       14 us >>>>> dimCrucialIsthmus::_unionKern(b)
     0 ms      639 us >>>> crucialIsthmus::D0CliqueChecker(Find 0-cliques that are crucial for <X, K>)
     0 ms        5 us >>>> crucialIsthmus::cudaMemset(clear A and B set)
     8 ms     8663 us >>> persistenceIsthmusThinningCore::crucialIsthmus()
  1336 ms  1336095 us >>> persistenceIsthmusThinningCore::while all
  1336 ms  1336102 us >> chunkwiseThinning::persistenceIsthmusThinningCore()
     0 ms      126 us >> chunkwiseThinning::_copyThinningDataToHost()
     2 ms     2314 us >> chunkwiseThinning::_dumpChunk()
h5_io.h:archive() from "oldH5" to "archive/iter_5_1053696819853366"
     7 ms     7876 us >> chunkwiseThinning::swapGroup()
  4441 ms  4441670 us > main::chunkwiseThinning()
